The system is: Linux - 4.19.0-1-amd64 - x86_64
Compiling the C compiler identification source file "CMakeCCompilerId.c" succeeded.
Compiler: /usr/bin/clang-7 
Build flags: -I/home/frederic/dev/amd64/include
Id flags:  

The output was:
0


Compilation of the C compiler identification source "CMakeCCompilerId.c" produced "a.out"

The C compiler identification is Clang, found in "/home/frederic/dev/trading/siis-rev/strategies/build/release/CMakeFiles/3.13.2/CompilerIdC/a.out"

Compiling the CXX compiler identification source file "CMakeCXXCompilerId.cpp" succeeded.
Compiler: /usr/bin/clang++-7 
Build flags: 
Id flags:  

The output was:
0


Compilation of the CXX compiler identification source "CMakeCXXCompilerId.cpp" produced "a.out"

The CXX compiler identification is Clang, found in "/home/frederic/dev/trading/siis-rev/strategies/build/release/CMakeFiles/3.13.2/CompilerIdCXX/a.out"

Determining if the C compiler works passed with the following output:
Change Dir: /home/frederic/dev/trading/siis-rev/strategies/build/release/CMakeFiles/CMakeTmp

Run Build Command:"/usr/bin/make" "cmTC_705d3/fast"
/usr/bin/make -f CMakeFiles/cmTC_705d3.dir/build.make CMakeFiles/cmTC_705d3.dir/build
make[1] : on entre dans le répertoire « /home/frederic/dev/trading/siis-rev/strategies/build/release/CMakeFiles/CMakeTmp »
Building C object CMakeFiles/cmTC_705d3.dir/testCCompiler.c.o
/usr/bin/clang-7   -I/home/frederic/dev/amd64/include    -o CMakeFiles/cmTC_705d3.dir/testCCompiler.c.o   -c /home/frederic/dev/trading/siis-rev/strategies/build/release/CMakeFiles/CMakeTmp/testCCompiler.c
Linking C executable cmTC_705d3
/usr/bin/cmake -E cmake_link_script CMakeFiles/cmTC_705d3.dir/link.txt --verbose=1
/usr/bin/clang-7 -I/home/frederic/dev/amd64/include   -L/home/frederic/dev/amd64/lib -L/home/frederic/dev/amd64/lib  -rdynamic CMakeFiles/cmTC_705d3.dir/testCCompiler.c.o  -o cmTC_705d3 
make[1] : on quitte le répertoire « /home/frederic/dev/trading/siis-rev/strategies/build/release/CMakeFiles/CMakeTmp »


Detecting C compiler ABI info compiled with the following output:
Change Dir: /home/frederic/dev/trading/siis-rev/strategies/build/release/CMakeFiles/CMakeTmp

Run Build Command:"/usr/bin/make" "cmTC_e8aaf/fast"
/usr/bin/make -f CMakeFiles/cmTC_e8aaf.dir/build.make CMakeFiles/cmTC_e8aaf.dir/build
make[1] : on entre dans le répertoire « /home/frederic/dev/trading/siis-rev/strategies/build/release/CMakeFiles/CMakeTmp »
Building C object CMakeFiles/cmTC_e8aaf.dir/CMakeCCompilerABI.c.o
/usr/bin/clang-7   -I/home/frederic/dev/amd64/include    -o CMakeFiles/cmTC_e8aaf.dir/CMakeCCompilerABI.c.o   -c /usr/share/cmake-3.13/Modules/CMakeCCompilerABI.c
Linking C executable cmTC_e8aaf
/usr/bin/cmake -E cmake_link_script CMakeFiles/cmTC_e8aaf.dir/link.txt --verbose=1
/usr/bin/clang-7 -I/home/frederic/dev/amd64/include   -L/home/frederic/dev/amd64/lib -L/home/frederic/dev/amd64/lib -v -rdynamic CMakeFiles/cmTC_e8aaf.dir/CMakeCCompilerABI.c.o  -o cmTC_e8aaf 
clang version 7.0.1-8 (tags/RELEASE_701/final)
Target: x86_64-pc-linux-gnu
Thread model: posix
InstalledDir: /usr/bin
Found candidate GCC installation: /usr/bin/../lib/gcc/i686-linux-gnu/6
Found candidate GCC installation: /usr/bin/../lib/gcc/i686-linux-gnu/6.5.0
Found candidate GCC installation: /usr/bin/../lib/gcc/i686-linux-gnu/8
Found candidate GCC installation: /usr/bin/../lib/gcc/x86_64-linux-gnu/6
Found candidate GCC installation: /usr/bin/../lib/gcc/x86_64-linux-gnu/6.5.0
Found candidate GCC installation: /usr/bin/../lib/gcc/x86_64-linux-gnu/7
Found candidate GCC installation: /usr/bin/../lib/gcc/x86_64-linux-gnu/7.4.0
Found candidate GCC installation: /usr/bin/../lib/gcc/x86_64-linux-gnu/8
Found candidate GCC installation: /usr/lib/gcc/i686-linux-gnu/6
Found candidate GCC installation: /usr/lib/gcc/i686-linux-gnu/6.5.0
Found candidate GCC installation: /usr/lib/gcc/i686-linux-gnu/8
Found candidate GCC installation: /usr/lib/gcc/x86_64-linux-gnu/6
Found candidate GCC installation: /usr/lib/gcc/x86_64-linux-gnu/6.5.0
Found candidate GCC installation: /usr/lib/gcc/x86_64-linux-gnu/7
Found candidate GCC installation: /usr/lib/gcc/x86_64-linux-gnu/7.4.0
Found candidate GCC installation: /usr/lib/gcc/x86_64-linux-gnu/8
Selected GCC installation: /usr/bin/../lib/gcc/x86_64-linux-gnu/8
Candidate multilib: .;@m64
Candidate multilib: 32;@m32
Candidate multilib: x32;@mx32
Selected multilib: .;@m64
 "/usr/bin/ld" -export-dynamic --build-id --eh-frame-hdr -m elf_x86_64 -export-dynamic -dynamic-linker /lib64/ld-linux-x86-64.so.2 -o cmTC_e8aaf /usr/bin/../lib/gcc/x86_64-linux-gnu/8/../../../x86_64-linux-gnu/crt1.o /usr/bin/../lib/gcc/x86_64-linux-gnu/8/../../../x86_64-linux-gnu/crti.o /usr/bin/../lib/gcc/x86_64-linux-gnu/8/crtbegin.o -L/home/frederic/dev/amd64/lib -L/home/frederic/dev/amd64/lib -L/usr/bin/../lib/gcc/x86_64-linux-gnu/8 -L/usr/bin/../lib/gcc/x86_64-linux-gnu/8/../../../x86_64-linux-gnu -L/lib/x86_64-linux-gnu -L/lib/../lib64 -L/usr/lib/x86_64-linux-gnu -L/usr/bin/../lib/gcc/x86_64-linux-gnu/8/../../.. -L/usr/lib/llvm-7/bin/../lib -L/lib -L/usr/lib CMakeFiles/cmTC_e8aaf.dir/CMakeCCompilerABI.c.o -L/home/frederic/dev/amd64/lib -lgcc --as-needed -lgcc_s --no-as-needed -lc -lgcc --as-needed -lgcc_s --no-as-needed /usr/bin/../lib/gcc/x86_64-linux-gnu/8/crtend.o /usr/bin/../lib/gcc/x86_64-linux-gnu/8/../../../x86_64-linux-gnu/crtn.o
make[1] : on quitte le répertoire « /home/frederic/dev/trading/siis-rev/strategies/build/release/CMakeFiles/CMakeTmp »


Parsed C implicit link information from above output:
  link line regex: [^( *|.*[/\])(ld|CMAKE_LINK_STARTFILE-NOTFOUND|([^/\]+-)?ld|collect2)[^/\]*( |$)]
  ignore line: [Change Dir: /home/frederic/dev/trading/siis-rev/strategies/build/release/CMakeFiles/CMakeTmp]
  ignore line: []
  ignore line: [Run Build Command:"/usr/bin/make" "cmTC_e8aaf/fast"]
  ignore line: [/usr/bin/make -f CMakeFiles/cmTC_e8aaf.dir/build.make CMakeFiles/cmTC_e8aaf.dir/build]
  ignore line: [make[1] : on entre dans le répertoire « /home/frederic/dev/trading/siis-rev/strategies/build/release/CMakeFiles/CMakeTmp »]
  ignore line: [Building C object CMakeFiles/cmTC_e8aaf.dir/CMakeCCompilerABI.c.o]
  ignore line: [/usr/bin/clang-7   -I/home/frederic/dev/amd64/include    -o CMakeFiles/cmTC_e8aaf.dir/CMakeCCompilerABI.c.o   -c /usr/share/cmake-3.13/Modules/CMakeCCompilerABI.c]
  ignore line: [Linking C executable cmTC_e8aaf]
  ignore line: [/usr/bin/cmake -E cmake_link_script CMakeFiles/cmTC_e8aaf.dir/link.txt --verbose=1]
  ignore line: [/usr/bin/clang-7 -I/home/frederic/dev/amd64/include   -L/home/frederic/dev/amd64/lib -L/home/frederic/dev/amd64/lib -v -rdynamic CMakeFiles/cmTC_e8aaf.dir/CMakeCCompilerABI.c.o  -o cmTC_e8aaf ]
  ignore line: [clang version 7.0.1-8 (tags/RELEASE_701/final)]
  ignore line: [Target: x86_64-pc-linux-gnu]
  ignore line: [Thread model: posix]
  ignore line: [InstalledDir: /usr/bin]
  ignore line: [Found candidate GCC installation: /usr/bin/../lib/gcc/i686-linux-gnu/6]
  ignore line: [Found candidate GCC installation: /usr/bin/../lib/gcc/i686-linux-gnu/6.5.0]
  ignore line: [Found candidate GCC installation: /usr/bin/../lib/gcc/i686-linux-gnu/8]
  ignore line: [Found candidate GCC installation: /usr/bin/../lib/gcc/x86_64-linux-gnu/6]
  ignore line: [Found candidate GCC installation: /usr/bin/../lib/gcc/x86_64-linux-gnu/6.5.0]
  ignore line: [Found candidate GCC installation: /usr/bin/../lib/gcc/x86_64-linux-gnu/7]
  ignore line: [Found candidate GCC installation: /usr/bin/../lib/gcc/x86_64-linux-gnu/7.4.0]
  ignore line: [Found candidate GCC installation: /usr/bin/../lib/gcc/x86_64-linux-gnu/8]
  ignore line: [Found candidate GCC installation: /usr/lib/gcc/i686-linux-gnu/6]
  ignore line: [Found candidate GCC installation: /usr/lib/gcc/i686-linux-gnu/6.5.0]
  ignore line: [Found candidate GCC installation: /usr/lib/gcc/i686-linux-gnu/8]
  ignore line: [Found candidate GCC installation: /usr/lib/gcc/x86_64-linux-gnu/6]
  ignore line: [Found candidate GCC installation: /usr/lib/gcc/x86_64-linux-gnu/6.5.0]
  ignore line: [Found candidate GCC installation: /usr/lib/gcc/x86_64-linux-gnu/7]
  ignore line: [Found candidate GCC installation: /usr/lib/gcc/x86_64-linux-gnu/7.4.0]
  ignore line: [Found candidate GCC installation: /usr/lib/gcc/x86_64-linux-gnu/8]
  ignore line: [Selected GCC installation: /usr/bin/../lib/gcc/x86_64-linux-gnu/8]
  ignore line: [Candidate multilib: .]
  ignore line: [@m64]
  ignore line: [Candidate multilib: 32]
  ignore line: [@m32]
  ignore line: [Candidate multilib: x32]
  ignore line: [@mx32]
  ignore line: [Selected multilib: .]
  ignore line: [@m64]
  link line: [ "/usr/bin/ld" -export-dynamic --build-id --eh-frame-hdr -m elf_x86_64 -export-dynamic -dynamic-linker /lib64/ld-linux-x86-64.so.2 -o cmTC_e8aaf /usr/bin/../lib/gcc/x86_64-linux-gnu/8/../../../x86_64-linux-gnu/crt1.o /usr/bin/../lib/gcc/x86_64-linux-gnu/8/../../../x86_64-linux-gnu/crti.o /usr/bin/../lib/gcc/x86_64-linux-gnu/8/crtbegin.o -L/home/frederic/dev/amd64/lib -L/home/frederic/dev/amd64/lib -L/usr/bin/../lib/gcc/x86_64-linux-gnu/8 -L/usr/bin/../lib/gcc/x86_64-linux-gnu/8/../../../x86_64-linux-gnu -L/lib/x86_64-linux-gnu -L/lib/../lib64 -L/usr/lib/x86_64-linux-gnu -L/usr/bin/../lib/gcc/x86_64-linux-gnu/8/../../.. -L/usr/lib/llvm-7/bin/../lib -L/lib -L/usr/lib CMakeFiles/cmTC_e8aaf.dir/CMakeCCompilerABI.c.o -L/home/frederic/dev/amd64/lib -lgcc --as-needed -lgcc_s --no-as-needed -lc -lgcc --as-needed -lgcc_s --no-as-needed /usr/bin/../lib/gcc/x86_64-linux-gnu/8/crtend.o /usr/bin/../lib/gcc/x86_64-linux-gnu/8/../../../x86_64-linux-gnu/crtn.o]
    arg [/usr/bin/ld] ==> ignore
    arg [-export-dynamic] ==> ignore
    arg [--build-id] ==> ignore
    arg [--eh-frame-hdr] ==> ignore
    arg [-m] ==> ignore
    arg [elf_x86_64] ==> ignore
    arg [-export-dynamic] ==> ignore
    arg [-dynamic-linker] ==> ignore
    arg [/lib64/ld-linux-x86-64.so.2] ==> ignore
    arg [-o] ==> ignore
    arg [cmTC_e8aaf] ==> ignore
    arg [/usr/bin/../lib/gcc/x86_64-linux-gnu/8/../../../x86_64-linux-gnu/crt1.o] ==> ignore
    arg [/usr/bin/../lib/gcc/x86_64-linux-gnu/8/../../../x86_64-linux-gnu/crti.o] ==> ignore
    arg [/usr/bin/../lib/gcc/x86_64-linux-gnu/8/crtbegin.o] ==> ignore
    arg [-L/home/frederic/dev/amd64/lib] ==> dir [/home/frederic/dev/amd64/lib]
    arg [-L/home/frederic/dev/amd64/lib] ==> dir [/home/frederic/dev/amd64/lib]
    arg [-L/usr/bin/../lib/gcc/x86_64-linux-gnu/8] ==> dir [/usr/bin/../lib/gcc/x86_64-linux-gnu/8]
    arg [-L/usr/bin/../lib/gcc/x86_64-linux-gnu/8/../../../x86_64-linux-gnu] ==> dir [/usr/bin/../lib/gcc/x86_64-linux-gnu/8/../../../x86_64-linux-gnu]
    arg [-L/lib/x86_64-linux-gnu] ==> dir [/lib/x86_64-linux-gnu]
    arg [-L/lib/../lib64] ==> dir [/lib/../lib64]
    arg [-L/usr/lib/x86_64-linux-gnu] ==> dir [/usr/lib/x86_64-linux-gnu]
    arg [-L/usr/bin/../lib/gcc/x86_64-linux-gnu/8/../../..] ==> dir [/usr/bin/../lib/gcc/x86_64-linux-gnu/8/../../..]
    arg [-L/usr/lib/llvm-7/bin/../lib] ==> dir [/usr/lib/llvm-7/bin/../lib]
    arg [-L/lib] ==> dir [/lib]
    arg [-L/usr/lib] ==> dir [/usr/lib]
    arg [CMakeFiles/cmTC_e8aaf.dir/CMakeCCompilerABI.c.o] ==> ignore
    arg [-L/home/frederic/dev/amd64/lib] ==> dir [/home/frederic/dev/amd64/lib]
    arg [-lgcc] ==> lib [gcc]
    arg [--as-needed] ==> ignore
    arg [-lgcc_s] ==> lib [gcc_s]
    arg [--no-as-needed] ==> ignore
    arg [-lc] ==> lib [c]
    arg [-lgcc] ==> lib [gcc]
    arg [--as-needed] ==> ignore
    arg [-lgcc_s] ==> lib [gcc_s]
    arg [--no-as-needed] ==> ignore
    arg [/usr/bin/../lib/gcc/x86_64-linux-gnu/8/crtend.o] ==> ignore
    arg [/usr/bin/../lib/gcc/x86_64-linux-gnu/8/../../../x86_64-linux-gnu/crtn.o] ==> ignore
  collapse library dir [/home/frederic/dev/amd64/lib] ==> [/home/frederic/dev/amd64/lib]
  collapse library dir [/home/frederic/dev/amd64/lib] ==> [/home/frederic/dev/amd64/lib]
  collapse library dir [/usr/bin/../lib/gcc/x86_64-linux-gnu/8] ==> [/usr/lib/gcc/x86_64-linux-gnu/8]
  collapse library dir [/usr/bin/../lib/gcc/x86_64-linux-gnu/8/../../../x86_64-linux-gnu] ==> [/usr/lib/x86_64-linux-gnu]
  collapse library dir [/lib/x86_64-linux-gnu] ==> [/lib/x86_64-linux-gnu]
  collapse library dir [/lib/../lib64] ==> [/lib64]
  collapse library dir [/usr/lib/x86_64-linux-gnu] ==> [/usr/lib/x86_64-linux-gnu]
  collapse library dir [/usr/bin/../lib/gcc/x86_64-linux-gnu/8/../../..] ==> [/usr/lib]
  collapse library dir [/usr/lib/llvm-7/bin/../lib] ==> [/usr/lib/llvm-7/lib]
  collapse library dir [/lib] ==> [/lib]
  collapse library dir [/usr/lib] ==> [/usr/lib]
  collapse library dir [/home/frederic/dev/amd64/lib] ==> [/home/frederic/dev/amd64/lib]
  implicit libs: [gcc;gcc_s;c;gcc;gcc_s]
  implicit dirs: [/home/frederic/dev/amd64/lib;/usr/lib/gcc/x86_64-linux-gnu/8;/usr/lib/x86_64-linux-gnu;/lib/x86_64-linux-gnu;/lib64;/usr/lib;/usr/lib/llvm-7/lib;/lib]
  implicit fwks: []




Detecting C [-std=c11] compiler features compiled with the following output:
Change Dir: /home/frederic/dev/trading/siis-rev/strategies/build/release/CMakeFiles/CMakeTmp

Run Build Command:"/usr/bin/make" "cmTC_b6892/fast"
/usr/bin/make -f CMakeFiles/cmTC_b6892.dir/build.make CMakeFiles/cmTC_b6892.dir/build
make[1] : on entre dans le répertoire « /home/frederic/dev/trading/siis-rev/strategies/build/release/CMakeFiles/CMakeTmp »
Building C object CMakeFiles/cmTC_b6892.dir/feature_tests.c.o
/usr/bin/clang-7   -I/home/frederic/dev/amd64/include    -std=c11 -o CMakeFiles/cmTC_b6892.dir/feature_tests.c.o   -c /home/frederic/dev/trading/siis-rev/strategies/build/release/CMakeFiles/feature_tests.c
Linking C executable cmTC_b6892
/usr/bin/cmake -E cmake_link_script CMakeFiles/cmTC_b6892.dir/link.txt --verbose=1
/usr/bin/clang-7 -I/home/frederic/dev/amd64/include   -L/home/frederic/dev/amd64/lib -L/home/frederic/dev/amd64/lib  -rdynamic CMakeFiles/cmTC_b6892.dir/feature_tests.c.o  -o cmTC_b6892 
make[1] : on quitte le répertoire « /home/frederic/dev/trading/siis-rev/strategies/build/release/CMakeFiles/CMakeTmp »


    Feature record: C_FEATURE:1c_function_prototypes
    Feature record: C_FEATURE:1c_restrict
    Feature record: C_FEATURE:1c_static_assert
    Feature record: C_FEATURE:1c_variadic_macros


Detecting C [-std=c99] compiler features compiled with the following output:
Change Dir: /home/frederic/dev/trading/siis-rev/strategies/build/release/CMakeFiles/CMakeTmp

Run Build Command:"/usr/bin/make" "cmTC_c8eaa/fast"
/usr/bin/make -f CMakeFiles/cmTC_c8eaa.dir/build.make CMakeFiles/cmTC_c8eaa.dir/build
make[1] : on entre dans le répertoire « /home/frederic/dev/trading/siis-rev/strategies/build/release/CMakeFiles/CMakeTmp »
Building C object CMakeFiles/cmTC_c8eaa.dir/feature_tests.c.o
/usr/bin/clang-7   -I/home/frederic/dev/amd64/include    -std=c99 -o CMakeFiles/cmTC_c8eaa.dir/feature_tests.c.o   -c /home/frederic/dev/trading/siis-rev/strategies/build/release/CMakeFiles/feature_tests.c
Linking C executable cmTC_c8eaa
/usr/bin/cmake -E cmake_link_script CMakeFiles/cmTC_c8eaa.dir/link.txt --verbose=1
/usr/bin/clang-7 -I/home/frederic/dev/amd64/include   -L/home/frederic/dev/amd64/lib -L/home/frederic/dev/amd64/lib  -rdynamic CMakeFiles/cmTC_c8eaa.dir/feature_tests.c.o  -o cmTC_c8eaa 
make[1] : on quitte le répertoire « /home/frederic/dev/trading/siis-rev/strategies/build/release/CMakeFiles/CMakeTmp »


    Feature record: C_FEATURE:1c_function_prototypes
    Feature record: C_FEATURE:1c_restrict
    Feature record: C_FEATURE:0c_static_assert
    Feature record: C_FEATURE:1c_variadic_macros


Detecting C [-std=c90] compiler features compiled with the following output:
Change Dir: /home/frederic/dev/trading/siis-rev/strategies/build/release/CMakeFiles/CMakeTmp

Run Build Command:"/usr/bin/make" "cmTC_fd5f5/fast"
/usr/bin/make -f CMakeFiles/cmTC_fd5f5.dir/build.make CMakeFiles/cmTC_fd5f5.dir/build
make[1] : on entre dans le répertoire « /home/frederic/dev/trading/siis-rev/strategies/build/release/CMakeFiles/CMakeTmp »
Building C object CMakeFiles/cmTC_fd5f5.dir/feature_tests.c.o
/usr/bin/clang-7   -I/home/frederic/dev/amd64/include    -std=c90 -o CMakeFiles/cmTC_fd5f5.dir/feature_tests.c.o   -c /home/frederic/dev/trading/siis-rev/strategies/build/release/CMakeFiles/feature_tests.c
Linking C executable cmTC_fd5f5
/usr/bin/cmake -E cmake_link_script CMakeFiles/cmTC_fd5f5.dir/link.txt --verbose=1
/usr/bin/clang-7 -I/home/frederic/dev/amd64/include   -L/home/frederic/dev/amd64/lib -L/home/frederic/dev/amd64/lib  -rdynamic CMakeFiles/cmTC_fd5f5.dir/feature_tests.c.o  -o cmTC_fd5f5 
make[1] : on quitte le répertoire « /home/frederic/dev/trading/siis-rev/strategies/build/release/CMakeFiles/CMakeTmp »


    Feature record: C_FEATURE:1c_function_prototypes
    Feature record: C_FEATURE:0c_restrict
    Feature record: C_FEATURE:0c_static_assert
    Feature record: C_FEATURE:0c_variadic_macros
Determining if the CXX compiler works passed with the following output:
Change Dir: /home/frederic/dev/trading/siis-rev/strategies/build/release/CMakeFiles/CMakeTmp

Run Build Command:"/usr/bin/make" "cmTC_98a8b/fast"
/usr/bin/make -f CMakeFiles/cmTC_98a8b.dir/build.make CMakeFiles/cmTC_98a8b.dir/build
make[1] : on entre dans le répertoire « /home/frederic/dev/trading/siis-rev/strategies/build/release/CMakeFiles/CMakeTmp »
Building CXX object CMakeFiles/cmTC_98a8b.dir/testCXXCompiler.cxx.o
/usr/bin/clang++-7     -o CMakeFiles/cmTC_98a8b.dir/testCXXCompiler.cxx.o -c /home/frederic/dev/trading/siis-rev/strategies/build/release/CMakeFiles/CMakeTmp/testCXXCompiler.cxx
Linking CXX executable cmTC_98a8b
/usr/bin/cmake -E cmake_link_script CMakeFiles/cmTC_98a8b.dir/link.txt --verbose=1
/usr/bin/clang++-7     -L/home/frederic/dev/amd64/lib -L/home/frederic/dev/amd64/lib  -rdynamic CMakeFiles/cmTC_98a8b.dir/testCXXCompiler.cxx.o  -o cmTC_98a8b 
make[1] : on quitte le répertoire « /home/frederic/dev/trading/siis-rev/strategies/build/release/CMakeFiles/CMakeTmp »


Detecting CXX compiler ABI info compiled with the following output:
Change Dir: /home/frederic/dev/trading/siis-rev/strategies/build/release/CMakeFiles/CMakeTmp

Run Build Command:"/usr/bin/make" "cmTC_07dd6/fast"
/usr/bin/make -f CMakeFiles/cmTC_07dd6.dir/build.make CMakeFiles/cmTC_07dd6.dir/build
make[1] : on entre dans le répertoire « /home/frederic/dev/trading/siis-rev/strategies/build/release/CMakeFiles/CMakeTmp »
Building CXX object CMakeFiles/cmTC_07dd6.dir/CMakeCXXCompilerABI.cpp.o
/usr/bin/clang++-7     -o CMakeFiles/cmTC_07dd6.dir/CMakeCXXCompilerABI.cpp.o -c /usr/share/cmake-3.13/Modules/CMakeCXXCompilerABI.cpp
Linking CXX executable cmTC_07dd6
/usr/bin/cmake -E cmake_link_script CMakeFiles/cmTC_07dd6.dir/link.txt --verbose=1
/usr/bin/clang++-7     -L/home/frederic/dev/amd64/lib -L/home/frederic/dev/amd64/lib -v -rdynamic CMakeFiles/cmTC_07dd6.dir/CMakeCXXCompilerABI.cpp.o  -o cmTC_07dd6 
clang version 7.0.1-8 (tags/RELEASE_701/final)
Target: x86_64-pc-linux-gnu
Thread model: posix
InstalledDir: /usr/bin
Found candidate GCC installation: /usr/bin/../lib/gcc/i686-linux-gnu/6
Found candidate GCC installation: /usr/bin/../lib/gcc/i686-linux-gnu/6.5.0
Found candidate GCC installation: /usr/bin/../lib/gcc/i686-linux-gnu/8
Found candidate GCC installation: /usr/bin/../lib/gcc/x86_64-linux-gnu/6
Found candidate GCC installation: /usr/bin/../lib/gcc/x86_64-linux-gnu/6.5.0
Found candidate GCC installation: /usr/bin/../lib/gcc/x86_64-linux-gnu/7
Found candidate GCC installation: /usr/bin/../lib/gcc/x86_64-linux-gnu/7.4.0
Found candidate GCC installation: /usr/bin/../lib/gcc/x86_64-linux-gnu/8
Found candidate GCC installation: /usr/lib/gcc/i686-linux-gnu/6
Found candidate GCC installation: /usr/lib/gcc/i686-linux-gnu/6.5.0
Found candidate GCC installation: /usr/lib/gcc/i686-linux-gnu/8
Found candidate GCC installation: /usr/lib/gcc/x86_64-linux-gnu/6
Found candidate GCC installation: /usr/lib/gcc/x86_64-linux-gnu/6.5.0
Found candidate GCC installation: /usr/lib/gcc/x86_64-linux-gnu/7
Found candidate GCC installation: /usr/lib/gcc/x86_64-linux-gnu/7.4.0
Found candidate GCC installation: /usr/lib/gcc/x86_64-linux-gnu/8
Selected GCC installation: /usr/bin/../lib/gcc/x86_64-linux-gnu/8
Candidate multilib: .;@m64
Candidate multilib: 32;@m32
Candidate multilib: x32;@mx32
Selected multilib: .;@m64
 "/usr/bin/ld" -export-dynamic --build-id --eh-frame-hdr -m elf_x86_64 -export-dynamic -dynamic-linker /lib64/ld-linux-x86-64.so.2 -o cmTC_07dd6 /usr/bin/../lib/gcc/x86_64-linux-gnu/8/../../../x86_64-linux-gnu/crt1.o /usr/bin/../lib/gcc/x86_64-linux-gnu/8/../../../x86_64-linux-gnu/crti.o /usr/bin/../lib/gcc/x86_64-linux-gnu/8/crtbegin.o -L/home/frederic/dev/amd64/lib -L/home/frederic/dev/amd64/lib -L/usr/bin/../lib/gcc/x86_64-linux-gnu/8 -L/usr/bin/../lib/gcc/x86_64-linux-gnu/8/../../../x86_64-linux-gnu -L/lib/x86_64-linux-gnu -L/lib/../lib64 -L/usr/lib/x86_64-linux-gnu -L/usr/bin/../lib/gcc/x86_64-linux-gnu/8/../../.. -L/usr/lib/llvm-7/bin/../lib -L/lib -L/usr/lib CMakeFiles/cmTC_07dd6.dir/CMakeCXXCompilerABI.cpp.o -L/home/frederic/dev/amd64/lib -lstdc++ -lm -lgcc_s -lgcc -lc -lgcc_s -lgcc /usr/bin/../lib/gcc/x86_64-linux-gnu/8/crtend.o /usr/bin/../lib/gcc/x86_64-linux-gnu/8/../../../x86_64-linux-gnu/crtn.o
make[1] : on quitte le répertoire « /home/frederic/dev/trading/siis-rev/strategies/build/release/CMakeFiles/CMakeTmp »


Parsed CXX implicit link information from above output:
  link line regex: [^( *|.*[/\])(ld|CMAKE_LINK_STARTFILE-NOTFOUND|([^/\]+-)?ld|collect2)[^/\]*( |$)]
  ignore line: [Change Dir: /home/frederic/dev/trading/siis-rev/strategies/build/release/CMakeFiles/CMakeTmp]
  ignore line: []
  ignore line: [Run Build Command:"/usr/bin/make" "cmTC_07dd6/fast"]
  ignore line: [/usr/bin/make -f CMakeFiles/cmTC_07dd6.dir/build.make CMakeFiles/cmTC_07dd6.dir/build]
  ignore line: [make[1] : on entre dans le répertoire « /home/frederic/dev/trading/siis-rev/strategies/build/release/CMakeFiles/CMakeTmp »]
  ignore line: [Building CXX object CMakeFiles/cmTC_07dd6.dir/CMakeCXXCompilerABI.cpp.o]
  ignore line: [/usr/bin/clang++-7     -o CMakeFiles/cmTC_07dd6.dir/CMakeCXXCompilerABI.cpp.o -c /usr/share/cmake-3.13/Modules/CMakeCXXCompilerABI.cpp]
  ignore line: [Linking CXX executable cmTC_07dd6]
  ignore line: [/usr/bin/cmake -E cmake_link_script CMakeFiles/cmTC_07dd6.dir/link.txt --verbose=1]
  ignore line: [/usr/bin/clang++-7     -L/home/frederic/dev/amd64/lib -L/home/frederic/dev/amd64/lib -v -rdynamic CMakeFiles/cmTC_07dd6.dir/CMakeCXXCompilerABI.cpp.o  -o cmTC_07dd6 ]
  ignore line: [clang version 7.0.1-8 (tags/RELEASE_701/final)]
  ignore line: [Target: x86_64-pc-linux-gnu]
  ignore line: [Thread model: posix]
  ignore line: [InstalledDir: /usr/bin]
  ignore line: [Found candidate GCC installation: /usr/bin/../lib/gcc/i686-linux-gnu/6]
  ignore line: [Found candidate GCC installation: /usr/bin/../lib/gcc/i686-linux-gnu/6.5.0]
  ignore line: [Found candidate GCC installation: /usr/bin/../lib/gcc/i686-linux-gnu/8]
  ignore line: [Found candidate GCC installation: /usr/bin/../lib/gcc/x86_64-linux-gnu/6]
  ignore line: [Found candidate GCC installation: /usr/bin/../lib/gcc/x86_64-linux-gnu/6.5.0]
  ignore line: [Found candidate GCC installation: /usr/bin/../lib/gcc/x86_64-linux-gnu/7]
  ignore line: [Found candidate GCC installation: /usr/bin/../lib/gcc/x86_64-linux-gnu/7.4.0]
  ignore line: [Found candidate GCC installation: /usr/bin/../lib/gcc/x86_64-linux-gnu/8]
  ignore line: [Found candidate GCC installation: /usr/lib/gcc/i686-linux-gnu/6]
  ignore line: [Found candidate GCC installation: /usr/lib/gcc/i686-linux-gnu/6.5.0]
  ignore line: [Found candidate GCC installation: /usr/lib/gcc/i686-linux-gnu/8]
  ignore line: [Found candidate GCC installation: /usr/lib/gcc/x86_64-linux-gnu/6]
  ignore line: [Found candidate GCC installation: /usr/lib/gcc/x86_64-linux-gnu/6.5.0]
  ignore line: [Found candidate GCC installation: /usr/lib/gcc/x86_64-linux-gnu/7]
  ignore line: [Found candidate GCC installation: /usr/lib/gcc/x86_64-linux-gnu/7.4.0]
  ignore line: [Found candidate GCC installation: /usr/lib/gcc/x86_64-linux-gnu/8]
  ignore line: [Selected GCC installation: /usr/bin/../lib/gcc/x86_64-linux-gnu/8]
  ignore line: [Candidate multilib: .]
  ignore line: [@m64]
  ignore line: [Candidate multilib: 32]
  ignore line: [@m32]
  ignore line: [Candidate multilib: x32]
  ignore line: [@mx32]
  ignore line: [Selected multilib: .]
  ignore line: [@m64]
  link line: [ "/usr/bin/ld" -export-dynamic --build-id --eh-frame-hdr -m elf_x86_64 -export-dynamic -dynamic-linker /lib64/ld-linux-x86-64.so.2 -o cmTC_07dd6 /usr/bin/../lib/gcc/x86_64-linux-gnu/8/../../../x86_64-linux-gnu/crt1.o /usr/bin/../lib/gcc/x86_64-linux-gnu/8/../../../x86_64-linux-gnu/crti.o /usr/bin/../lib/gcc/x86_64-linux-gnu/8/crtbegin.o -L/home/frederic/dev/amd64/lib -L/home/frederic/dev/amd64/lib -L/usr/bin/../lib/gcc/x86_64-linux-gnu/8 -L/usr/bin/../lib/gcc/x86_64-linux-gnu/8/../../../x86_64-linux-gnu -L/lib/x86_64-linux-gnu -L/lib/../lib64 -L/usr/lib/x86_64-linux-gnu -L/usr/bin/../lib/gcc/x86_64-linux-gnu/8/../../.. -L/usr/lib/llvm-7/bin/../lib -L/lib -L/usr/lib CMakeFiles/cmTC_07dd6.dir/CMakeCXXCompilerABI.cpp.o -L/home/frederic/dev/amd64/lib -lstdc++ -lm -lgcc_s -lgcc -lc -lgcc_s -lgcc /usr/bin/../lib/gcc/x86_64-linux-gnu/8/crtend.o /usr/bin/../lib/gcc/x86_64-linux-gnu/8/../../../x86_64-linux-gnu/crtn.o]
    arg [/usr/bin/ld] ==> ignore
    arg [-export-dynamic] ==> ignore
    arg [--build-id] ==> ignore
    arg [--eh-frame-hdr] ==> ignore
    arg [-m] ==> ignore
    arg [elf_x86_64] ==> ignore
    arg [-export-dynamic] ==> ignore
    arg [-dynamic-linker] ==> ignore
    arg [/lib64/ld-linux-x86-64.so.2] ==> ignore
    arg [-o] ==> ignore
    arg [cmTC_07dd6] ==> ignore
    arg [/usr/bin/../lib/gcc/x86_64-linux-gnu/8/../../../x86_64-linux-gnu/crt1.o] ==> ignore
    arg [/usr/bin/../lib/gcc/x86_64-linux-gnu/8/../../../x86_64-linux-gnu/crti.o] ==> ignore
    arg [/usr/bin/../lib/gcc/x86_64-linux-gnu/8/crtbegin.o] ==> ignore
    arg [-L/home/frederic/dev/amd64/lib] ==> dir [/home/frederic/dev/amd64/lib]
    arg [-L/home/frederic/dev/amd64/lib] ==> dir [/home/frederic/dev/amd64/lib]
    arg [-L/usr/bin/../lib/gcc/x86_64-linux-gnu/8] ==> dir [/usr/bin/../lib/gcc/x86_64-linux-gnu/8]
    arg [-L/usr/bin/../lib/gcc/x86_64-linux-gnu/8/../../../x86_64-linux-gnu] ==> dir [/usr/bin/../lib/gcc/x86_64-linux-gnu/8/../../../x86_64-linux-gnu]
    arg [-L/lib/x86_64-linux-gnu] ==> dir [/lib/x86_64-linux-gnu]
    arg [-L/lib/../lib64] ==> dir [/lib/../lib64]
    arg [-L/usr/lib/x86_64-linux-gnu] ==> dir [/usr/lib/x86_64-linux-gnu]
    arg [-L/usr/bin/../lib/gcc/x86_64-linux-gnu/8/../../..] ==> dir [/usr/bin/../lib/gcc/x86_64-linux-gnu/8/../../..]
    arg [-L/usr/lib/llvm-7/bin/../lib] ==> dir [/usr/lib/llvm-7/bin/../lib]
    arg [-L/lib] ==> dir [/lib]
    arg [-L/usr/lib] ==> dir [/usr/lib]
    arg [CMakeFiles/cmTC_07dd6.dir/CMakeCXXCompilerABI.cpp.o] ==> ignore
    arg [-L/home/frederic/dev/amd64/lib] ==> dir [/home/frederic/dev/amd64/lib]
    arg [-lstdc++] ==> lib [stdc++]
    arg [-lm] ==> lib [m]
    arg [-lgcc_s] ==> lib [gcc_s]
    arg [-lgcc] ==> lib [gcc]
    arg [-lc] ==> lib [c]
    arg [-lgcc_s] ==> lib [gcc_s]
    arg [-lgcc] ==> lib [gcc]
    arg [/usr/bin/../lib/gcc/x86_64-linux-gnu/8/crtend.o] ==> ignore
    arg [/usr/bin/../lib/gcc/x86_64-linux-gnu/8/../../../x86_64-linux-gnu/crtn.o] ==> ignore
  collapse library dir [/home/frederic/dev/amd64/lib] ==> [/home/frederic/dev/amd64/lib]
  collapse library dir [/home/frederic/dev/amd64/lib] ==> [/home/frederic/dev/amd64/lib]
  collapse library dir [/usr/bin/../lib/gcc/x86_64-linux-gnu/8] ==> [/usr/lib/gcc/x86_64-linux-gnu/8]
  collapse library dir [/usr/bin/../lib/gcc/x86_64-linux-gnu/8/../../../x86_64-linux-gnu] ==> [/usr/lib/x86_64-linux-gnu]
  collapse library dir [/lib/x86_64-linux-gnu] ==> [/lib/x86_64-linux-gnu]
  collapse library dir [/lib/../lib64] ==> [/lib64]
  collapse library dir [/usr/lib/x86_64-linux-gnu] ==> [/usr/lib/x86_64-linux-gnu]
  collapse library dir [/usr/bin/../lib/gcc/x86_64-linux-gnu/8/../../..] ==> [/usr/lib]
  collapse library dir [/usr/lib/llvm-7/bin/../lib] ==> [/usr/lib/llvm-7/lib]
  collapse library dir [/lib] ==> [/lib]
  collapse library dir [/usr/lib] ==> [/usr/lib]
  collapse library dir [/home/frederic/dev/amd64/lib] ==> [/home/frederic/dev/amd64/lib]
  implicit libs: [stdc++;m;gcc_s;gcc;c;gcc_s;gcc]
  implicit dirs: [/home/frederic/dev/amd64/lib;/usr/lib/gcc/x86_64-linux-gnu/8;/usr/lib/x86_64-linux-gnu;/lib/x86_64-linux-gnu;/lib64;/usr/lib;/usr/lib/llvm-7/lib;/lib]
  implicit fwks: []




Detecting CXX [-std=c++2a] compiler features compiled with the following output:
Change Dir: /home/frederic/dev/trading/siis-rev/strategies/build/release/CMakeFiles/CMakeTmp

Run Build Command:"/usr/bin/make" "cmTC_f0373/fast"
/usr/bin/make -f CMakeFiles/cmTC_f0373.dir/build.make CMakeFiles/cmTC_f0373.dir/build
make[1] : on entre dans le répertoire « /home/frederic/dev/trading/siis-rev/strategies/build/release/CMakeFiles/CMakeTmp »
Building CXX object CMakeFiles/cmTC_f0373.dir/feature_tests.cxx.o
/usr/bin/clang++-7    -std=c++2a -o CMakeFiles/cmTC_f0373.dir/feature_tests.cxx.o -c /home/frederic/dev/trading/siis-rev/strategies/build/release/CMakeFiles/feature_tests.cxx
Linking CXX executable cmTC_f0373
/usr/bin/cmake -E cmake_link_script CMakeFiles/cmTC_f0373.dir/link.txt --verbose=1
/usr/bin/clang++-7     -L/home/frederic/dev/amd64/lib -L/home/frederic/dev/amd64/lib  -rdynamic CMakeFiles/cmTC_f0373.dir/feature_tests.cxx.o  -o cmTC_f0373 
make[1] : on quitte le répertoire « /home/frederic/dev/trading/siis-rev/strategies/build/release/CMakeFiles/CMakeTmp »


    Feature record: CXX_FEATURE:1cxx_aggregate_default_initializers
    Feature record: CXX_FEATURE:1cxx_alias_templates
    Feature record: CXX_FEATURE:1cxx_alignas
    Feature record: CXX_FEATURE:1cxx_alignof
    Feature record: CXX_FEATURE:1cxx_attributes
    Feature record: CXX_FEATURE:1cxx_attribute_deprecated
    Feature record: CXX_FEATURE:1cxx_auto_type
    Feature record: CXX_FEATURE:1cxx_binary_literals
    Feature record: CXX_FEATURE:1cxx_constexpr
    Feature record: CXX_FEATURE:1cxx_contextual_conversions
    Feature record: CXX_FEATURE:1cxx_decltype
    Feature record: CXX_FEATURE:1cxx_decltype_auto
    Feature record: CXX_FEATURE:1cxx_decltype_incomplete_return_types
    Feature record: CXX_FEATURE:1cxx_default_function_template_args
    Feature record: CXX_FEATURE:1cxx_defaulted_functions
    Feature record: CXX_FEATURE:1cxx_defaulted_move_initializers
    Feature record: CXX_FEATURE:1cxx_delegating_constructors
    Feature record: CXX_FEATURE:1cxx_deleted_functions
    Feature record: CXX_FEATURE:1cxx_digit_separators
    Feature record: CXX_FEATURE:1cxx_enum_forward_declarations
    Feature record: CXX_FEATURE:1cxx_explicit_conversions
    Feature record: CXX_FEATURE:1cxx_extended_friend_declarations
    Feature record: CXX_FEATURE:1cxx_extern_templates
    Feature record: CXX_FEATURE:1cxx_final
    Feature record: CXX_FEATURE:1cxx_func_identifier
    Feature record: CXX_FEATURE:1cxx_generalized_initializers
    Feature record: CXX_FEATURE:1cxx_generic_lambdas
    Feature record: CXX_FEATURE:1cxx_inheriting_constructors
    Feature record: CXX_FEATURE:1cxx_inline_namespaces
    Feature record: CXX_FEATURE:1cxx_lambdas
    Feature record: CXX_FEATURE:1cxx_lambda_init_captures
    Feature record: CXX_FEATURE:1cxx_local_type_template_args
    Feature record: CXX_FEATURE:1cxx_long_long_type
    Feature record: CXX_FEATURE:1cxx_noexcept
    Feature record: CXX_FEATURE:1cxx_nonstatic_member_init
    Feature record: CXX_FEATURE:1cxx_nullptr
    Feature record: CXX_FEATURE:1cxx_override
    Feature record: CXX_FEATURE:1cxx_range_for
    Feature record: CXX_FEATURE:1cxx_raw_string_literals
    Feature record: CXX_FEATURE:1cxx_reference_qualified_functions
    Feature record: CXX_FEATURE:1cxx_relaxed_constexpr
    Feature record: CXX_FEATURE:1cxx_return_type_deduction
    Feature record: CXX_FEATURE:1cxx_right_angle_brackets
    Feature record: CXX_FEATURE:1cxx_rvalue_references
    Feature record: CXX_FEATURE:1cxx_sizeof_member
    Feature record: CXX_FEATURE:1cxx_static_assert
    Feature record: CXX_FEATURE:1cxx_strong_enums
    Feature record: CXX_FEATURE:1cxx_template_template_parameters
    Feature record: CXX_FEATURE:1cxx_thread_local
    Feature record: CXX_FEATURE:1cxx_trailing_return_types
    Feature record: CXX_FEATURE:1cxx_unicode_literals
    Feature record: CXX_FEATURE:1cxx_uniform_initialization
    Feature record: CXX_FEATURE:1cxx_unrestricted_unions
    Feature record: CXX_FEATURE:1cxx_user_literals
    Feature record: CXX_FEATURE:1cxx_variable_templates
    Feature record: CXX_FEATURE:1cxx_variadic_macros
    Feature record: CXX_FEATURE:1cxx_variadic_templates


Detecting CXX [-std=c++17] compiler features compiled with the following output:
Change Dir: /home/frederic/dev/trading/siis-rev/strategies/build/release/CMakeFiles/CMakeTmp

Run Build Command:"/usr/bin/make" "cmTC_32fbf/fast"
/usr/bin/make -f CMakeFiles/cmTC_32fbf.dir/build.make CMakeFiles/cmTC_32fbf.dir/build
make[1] : on entre dans le répertoire « /home/frederic/dev/trading/siis-rev/strategies/build/release/CMakeFiles/CMakeTmp »
Building CXX object CMakeFiles/cmTC_32fbf.dir/feature_tests.cxx.o
/usr/bin/clang++-7    -std=c++17 -o CMakeFiles/cmTC_32fbf.dir/feature_tests.cxx.o -c /home/frederic/dev/trading/siis-rev/strategies/build/release/CMakeFiles/feature_tests.cxx
Linking CXX executable cmTC_32fbf
/usr/bin/cmake -E cmake_link_script CMakeFiles/cmTC_32fbf.dir/link.txt --verbose=1
/usr/bin/clang++-7     -L/home/frederic/dev/amd64/lib -L/home/frederic/dev/amd64/lib  -rdynamic CMakeFiles/cmTC_32fbf.dir/feature_tests.cxx.o  -o cmTC_32fbf 
make[1] : on quitte le répertoire « /home/frederic/dev/trading/siis-rev/strategies/build/release/CMakeFiles/CMakeTmp »


    Feature record: CXX_FEATURE:1cxx_aggregate_default_initializers
    Feature record: CXX_FEATURE:1cxx_alias_templates
    Feature record: CXX_FEATURE:1cxx_alignas
    Feature record: CXX_FEATURE:1cxx_alignof
    Feature record: CXX_FEATURE:1cxx_attributes
    Feature record: CXX_FEATURE:1cxx_attribute_deprecated
    Feature record: CXX_FEATURE:1cxx_auto_type
    Feature record: CXX_FEATURE:1cxx_binary_literals
    Feature record: CXX_FEATURE:1cxx_constexpr
    Feature record: CXX_FEATURE:1cxx_contextual_conversions
    Feature record: CXX_FEATURE:1cxx_decltype
    Feature record: CXX_FEATURE:1cxx_decltype_auto
    Feature record: CXX_FEATURE:1cxx_decltype_incomplete_return_types
    Feature record: CXX_FEATURE:1cxx_default_function_template_args
    Feature record: CXX_FEATURE:1cxx_defaulted_functions
    Feature record: CXX_FEATURE:1cxx_defaulted_move_initializers
    Feature record: CXX_FEATURE:1cxx_delegating_constructors
    Feature record: CXX_FEATURE:1cxx_deleted_functions
    Feature record: CXX_FEATURE:1cxx_digit_separators
    Feature record: CXX_FEATURE:1cxx_enum_forward_declarations
    Feature record: CXX_FEATURE:1cxx_explicit_conversions
    Feature record: CXX_FEATURE:1cxx_extended_friend_declarations
    Feature record: CXX_FEATURE:1cxx_extern_templates
    Feature record: CXX_FEATURE:1cxx_final
    Feature record: CXX_FEATURE:1cxx_func_identifier
    Feature record: CXX_FEATURE:1cxx_generalized_initializers
    Feature record: CXX_FEATURE:1cxx_generic_lambdas
    Feature record: CXX_FEATURE:1cxx_inheriting_constructors
    Feature record: CXX_FEATURE:1cxx_inline_namespaces
    Feature record: CXX_FEATURE:1cxx_lambdas
    Feature record: CXX_FEATURE:1cxx_lambda_init_captures
    Feature record: CXX_FEATURE:1cxx_local_type_template_args
    Feature record: CXX_FEATURE:1cxx_long_long_type
    Feature record: CXX_FEATURE:1cxx_noexcept
    Feature record: CXX_FEATURE:1cxx_nonstatic_member_init
    Feature record: CXX_FEATURE:1cxx_nullptr
    Feature record: CXX_FEATURE:1cxx_override
    Feature record: CXX_FEATURE:1cxx_range_for
    Feature record: CXX_FEATURE:1cxx_raw_string_literals
    Feature record: CXX_FEATURE:1cxx_reference_qualified_functions
    Feature record: CXX_FEATURE:1cxx_relaxed_constexpr
    Feature record: CXX_FEATURE:1cxx_return_type_deduction
    Feature record: CXX_FEATURE:1cxx_right_angle_brackets
    Feature record: CXX_FEATURE:1cxx_rvalue_references
    Feature record: CXX_FEATURE:1cxx_sizeof_member
    Feature record: CXX_FEATURE:1cxx_static_assert
    Feature record: CXX_FEATURE:1cxx_strong_enums
    Feature record: CXX_FEATURE:1cxx_template_template_parameters
    Feature record: CXX_FEATURE:1cxx_thread_local
    Feature record: CXX_FEATURE:1cxx_trailing_return_types
    Feature record: CXX_FEATURE:1cxx_unicode_literals
    Feature record: CXX_FEATURE:1cxx_uniform_initialization
    Feature record: CXX_FEATURE:1cxx_unrestricted_unions
    Feature record: CXX_FEATURE:1cxx_user_literals
    Feature record: CXX_FEATURE:1cxx_variable_templates
    Feature record: CXX_FEATURE:1cxx_variadic_macros
    Feature record: CXX_FEATURE:1cxx_variadic_templates


Detecting CXX [-std=c++14] compiler features compiled with the following output:
Change Dir: /home/frederic/dev/trading/siis-rev/strategies/build/release/CMakeFiles/CMakeTmp

Run Build Command:"/usr/bin/make" "cmTC_85367/fast"
/usr/bin/make -f CMakeFiles/cmTC_85367.dir/build.make CMakeFiles/cmTC_85367.dir/build
make[1] : on entre dans le répertoire « /home/frederic/dev/trading/siis-rev/strategies/build/release/CMakeFiles/CMakeTmp »
Building CXX object CMakeFiles/cmTC_85367.dir/feature_tests.cxx.o
/usr/bin/clang++-7    -std=c++14 -o CMakeFiles/cmTC_85367.dir/feature_tests.cxx.o -c /home/frederic/dev/trading/siis-rev/strategies/build/release/CMakeFiles/feature_tests.cxx
Linking CXX executable cmTC_85367
/usr/bin/cmake -E cmake_link_script CMakeFiles/cmTC_85367.dir/link.txt --verbose=1
/usr/bin/clang++-7     -L/home/frederic/dev/amd64/lib -L/home/frederic/dev/amd64/lib  -rdynamic CMakeFiles/cmTC_85367.dir/feature_tests.cxx.o  -o cmTC_85367 
make[1] : on quitte le répertoire « /home/frederic/dev/trading/siis-rev/strategies/build/release/CMakeFiles/CMakeTmp »


    Feature record: CXX_FEATURE:1cxx_aggregate_default_initializers
    Feature record: CXX_FEATURE:1cxx_alias_templates
    Feature record: CXX_FEATURE:1cxx_alignas
    Feature record: CXX_FEATURE:1cxx_alignof
    Feature record: CXX_FEATURE:1cxx_attributes
    Feature record: CXX_FEATURE:1cxx_attribute_deprecated
    Feature record: CXX_FEATURE:1cxx_auto_type
    Feature record: CXX_FEATURE:1cxx_binary_literals
    Feature record: CXX_FEATURE:1cxx_constexpr
    Feature record: CXX_FEATURE:1cxx_contextual_conversions
    Feature record: CXX_FEATURE:1cxx_decltype
    Feature record: CXX_FEATURE:1cxx_decltype_auto
    Feature record: CXX_FEATURE:1cxx_decltype_incomplete_return_types
    Feature record: CXX_FEATURE:1cxx_default_function_template_args
    Feature record: CXX_FEATURE:1cxx_defaulted_functions
    Feature record: CXX_FEATURE:1cxx_defaulted_move_initializers
    Feature record: CXX_FEATURE:1cxx_delegating_constructors
    Feature record: CXX_FEATURE:1cxx_deleted_functions
    Feature record: CXX_FEATURE:1cxx_digit_separators
    Feature record: CXX_FEATURE:1cxx_enum_forward_declarations
    Feature record: CXX_FEATURE:1cxx_explicit_conversions
    Feature record: CXX_FEATURE:1cxx_extended_friend_declarations
    Feature record: CXX_FEATURE:1cxx_extern_templates
    Feature record: CXX_FEATURE:1cxx_final
    Feature record: CXX_FEATURE:1cxx_func_identifier
    Feature record: CXX_FEATURE:1cxx_generalized_initializers
    Feature record: CXX_FEATURE:1cxx_generic_lambdas
    Feature record: CXX_FEATURE:1cxx_inheriting_constructors
    Feature record: CXX_FEATURE:1cxx_inline_namespaces
    Feature record: CXX_FEATURE:1cxx_lambdas
    Feature record: CXX_FEATURE:1cxx_lambda_init_captures
    Feature record: CXX_FEATURE:1cxx_local_type_template_args
    Feature record: CXX_FEATURE:1cxx_long_long_type
    Feature record: CXX_FEATURE:1cxx_noexcept
    Feature record: CXX_FEATURE:1cxx_nonstatic_member_init
    Feature record: CXX_FEATURE:1cxx_nullptr
    Feature record: CXX_FEATURE:1cxx_override
    Feature record: CXX_FEATURE:1cxx_range_for
    Feature record: CXX_FEATURE:1cxx_raw_string_literals
    Feature record: CXX_FEATURE:1cxx_reference_qualified_functions
    Feature record: CXX_FEATURE:1cxx_relaxed_constexpr
    Feature record: CXX_FEATURE:1cxx_return_type_deduction
    Feature record: CXX_FEATURE:1cxx_right_angle_brackets
    Feature record: CXX_FEATURE:1cxx_rvalue_references
    Feature record: CXX_FEATURE:1cxx_sizeof_member
    Feature record: CXX_FEATURE:1cxx_static_assert
    Feature record: CXX_FEATURE:1cxx_strong_enums
    Feature record: CXX_FEATURE:1cxx_template_template_parameters
    Feature record: CXX_FEATURE:1cxx_thread_local
    Feature record: CXX_FEATURE:1cxx_trailing_return_types
    Feature record: CXX_FEATURE:1cxx_unicode_literals
    Feature record: CXX_FEATURE:1cxx_uniform_initialization
    Feature record: CXX_FEATURE:1cxx_unrestricted_unions
    Feature record: CXX_FEATURE:1cxx_user_literals
    Feature record: CXX_FEATURE:1cxx_variable_templates
    Feature record: CXX_FEATURE:1cxx_variadic_macros
    Feature record: CXX_FEATURE:1cxx_variadic_templates


Detecting CXX [-std=c++11] compiler features compiled with the following output:
Change Dir: /home/frederic/dev/trading/siis-rev/strategies/build/release/CMakeFiles/CMakeTmp

Run Build Command:"/usr/bin/make" "cmTC_80fda/fast"
/usr/bin/make -f CMakeFiles/cmTC_80fda.dir/build.make CMakeFiles/cmTC_80fda.dir/build
make[1] : on entre dans le répertoire « /home/frederic/dev/trading/siis-rev/strategies/build/release/CMakeFiles/CMakeTmp »
Building CXX object CMakeFiles/cmTC_80fda.dir/feature_tests.cxx.o
/usr/bin/clang++-7    -std=c++11 -o CMakeFiles/cmTC_80fda.dir/feature_tests.cxx.o -c /home/frederic/dev/trading/siis-rev/strategies/build/release/CMakeFiles/feature_tests.cxx
Linking CXX executable cmTC_80fda
/usr/bin/cmake -E cmake_link_script CMakeFiles/cmTC_80fda.dir/link.txt --verbose=1
/usr/bin/clang++-7     -L/home/frederic/dev/amd64/lib -L/home/frederic/dev/amd64/lib  -rdynamic CMakeFiles/cmTC_80fda.dir/feature_tests.cxx.o  -o cmTC_80fda 
make[1] : on quitte le répertoire « /home/frederic/dev/trading/siis-rev/strategies/build/release/CMakeFiles/CMakeTmp »


    Feature record: CXX_FEATURE:0cxx_aggregate_default_initializers
    Feature record: CXX_FEATURE:1cxx_alias_templates
    Feature record: CXX_FEATURE:1cxx_alignas
    Feature record: CXX_FEATURE:1cxx_alignof
    Feature record: CXX_FEATURE:1cxx_attributes
    Feature record: CXX_FEATURE:0cxx_attribute_deprecated
    Feature record: CXX_FEATURE:1cxx_auto_type
    Feature record: CXX_FEATURE:0cxx_binary_literals
    Feature record: CXX_FEATURE:1cxx_constexpr
    Feature record: CXX_FEATURE:0cxx_contextual_conversions
    Feature record: CXX_FEATURE:1cxx_decltype
    Feature record: CXX_FEATURE:0cxx_decltype_auto
    Feature record: CXX_FEATURE:1cxx_decltype_incomplete_return_types
    Feature record: CXX_FEATURE:1cxx_default_function_template_args
    Feature record: CXX_FEATURE:1cxx_defaulted_functions
    Feature record: CXX_FEATURE:1cxx_defaulted_move_initializers
    Feature record: CXX_FEATURE:1cxx_delegating_constructors
    Feature record: CXX_FEATURE:1cxx_deleted_functions
    Feature record: CXX_FEATURE:0cxx_digit_separators
    Feature record: CXX_FEATURE:1cxx_enum_forward_declarations
    Feature record: CXX_FEATURE:1cxx_explicit_conversions
    Feature record: CXX_FEATURE:1cxx_extended_friend_declarations
    Feature record: CXX_FEATURE:1cxx_extern_templates
    Feature record: CXX_FEATURE:1cxx_final
    Feature record: CXX_FEATURE:1cxx_func_identifier
    Feature record: CXX_FEATURE:1cxx_generalized_initializers
    Feature record: CXX_FEATURE:0cxx_generic_lambdas
    Feature record: CXX_FEATURE:1cxx_inheriting_constructors
    Feature record: CXX_FEATURE:1cxx_inline_namespaces
    Feature record: CXX_FEATURE:1cxx_lambdas
    Feature record: CXX_FEATURE:0cxx_lambda_init_captures
    Feature record: CXX_FEATURE:1cxx_local_type_template_args
    Feature record: CXX_FEATURE:1cxx_long_long_type
    Feature record: CXX_FEATURE:1cxx_noexcept
    Feature record: CXX_FEATURE:1cxx_nonstatic_member_init
    Feature record: CXX_FEATURE:1cxx_nullptr
    Feature record: CXX_FEATURE:1cxx_override
    Feature record: CXX_FEATURE:1cxx_range_for
    Feature record: CXX_FEATURE:1cxx_raw_string_literals
    Feature record: CXX_FEATURE:1cxx_reference_qualified_functions
    Feature record: CXX_FEATURE:0cxx_relaxed_constexpr
    Feature record: CXX_FEATURE:0cxx_return_type_deduction
    Feature record: CXX_FEATURE:1cxx_right_angle_brackets
    Feature record: CXX_FEATURE:1cxx_rvalue_references
    Feature record: CXX_FEATURE:1cxx_sizeof_member
    Feature record: CXX_FEATURE:1cxx_static_assert
    Feature record: CXX_FEATURE:1cxx_strong_enums
    Feature record: CXX_FEATURE:1cxx_template_template_parameters
    Feature record: CXX_FEATURE:1cxx_thread_local
    Feature record: CXX_FEATURE:1cxx_trailing_return_types
    Feature record: CXX_FEATURE:1cxx_unicode_literals
    Feature record: CXX_FEATURE:1cxx_uniform_initialization
    Feature record: CXX_FEATURE:1cxx_unrestricted_unions
    Feature record: CXX_FEATURE:1cxx_user_literals
    Feature record: CXX_FEATURE:0cxx_variable_templates
    Feature record: CXX_FEATURE:1cxx_variadic_macros
    Feature record: CXX_FEATURE:1cxx_variadic_templates


Detecting CXX [-std=c++98] compiler features compiled with the following output:
Change Dir: /home/frederic/dev/trading/siis-rev/strategies/build/release/CMakeFiles/CMakeTmp

Run Build Command:"/usr/bin/make" "cmTC_740df/fast"
/usr/bin/make -f CMakeFiles/cmTC_740df.dir/build.make CMakeFiles/cmTC_740df.dir/build
make[1] : on entre dans le répertoire « /home/frederic/dev/trading/siis-rev/strategies/build/release/CMakeFiles/CMakeTmp »
Building CXX object CMakeFiles/cmTC_740df.dir/feature_tests.cxx.o
/usr/bin/clang++-7    -std=c++98 -o CMakeFiles/cmTC_740df.dir/feature_tests.cxx.o -c /home/frederic/dev/trading/siis-rev/strategies/build/release/CMakeFiles/feature_tests.cxx
Linking CXX executable cmTC_740df
/usr/bin/cmake -E cmake_link_script CMakeFiles/cmTC_740df.dir/link.txt --verbose=1
/usr/bin/clang++-7     -L/home/frederic/dev/amd64/lib -L/home/frederic/dev/amd64/lib  -rdynamic CMakeFiles/cmTC_740df.dir/feature_tests.cxx.o  -o cmTC_740df 
make[1] : on quitte le répertoire « /home/frederic/dev/trading/siis-rev/strategies/build/release/CMakeFiles/CMakeTmp »


    Feature record: CXX_FEATURE:0cxx_aggregate_default_initializers
    Feature record: CXX_FEATURE:0cxx_alias_templates
    Feature record: CXX_FEATURE:0cxx_alignas
    Feature record: CXX_FEATURE:0cxx_alignof
    Feature record: CXX_FEATURE:0cxx_attributes
    Feature record: CXX_FEATURE:0cxx_attribute_deprecated
    Feature record: CXX_FEATURE:0cxx_auto_type
    Feature record: CXX_FEATURE:0cxx_binary_literals
    Feature record: CXX_FEATURE:0cxx_constexpr
    Feature record: CXX_FEATURE:0cxx_contextual_conversions
    Feature record: CXX_FEATURE:0cxx_decltype
    Feature record: CXX_FEATURE:0cxx_decltype_auto
    Feature record: CXX_FEATURE:0cxx_decltype_incomplete_return_types
    Feature record: CXX_FEATURE:0cxx_default_function_template_args
    Feature record: CXX_FEATURE:0cxx_defaulted_functions
    Feature record: CXX_FEATURE:0cxx_defaulted_move_initializers
    Feature record: CXX_FEATURE:0cxx_delegating_constructors
    Feature record: CXX_FEATURE:0cxx_deleted_functions
    Feature record: CXX_FEATURE:0cxx_digit_separators
    Feature record: CXX_FEATURE:0cxx_enum_forward_declarations
    Feature record: CXX_FEATURE:0cxx_explicit_conversions
    Feature record: CXX_FEATURE:0cxx_extended_friend_declarations
    Feature record: CXX_FEATURE:0cxx_extern_templates
    Feature record: CXX_FEATURE:0cxx_final
    Feature record: CXX_FEATURE:0cxx_func_identifier
    Feature record: CXX_FEATURE:0cxx_generalized_initializers
    Feature record: CXX_FEATURE:0cxx_generic_lambdas
    Feature record: CXX_FEATURE:0cxx_inheriting_constructors
    Feature record: CXX_FEATURE:0cxx_inline_namespaces
    Feature record: CXX_FEATURE:0cxx_lambdas
    Feature record: CXX_FEATURE:0cxx_lambda_init_captures
    Feature record: CXX_FEATURE:0cxx_local_type_template_args
    Feature record: CXX_FEATURE:0cxx_long_long_type
    Feature record: CXX_FEATURE:0cxx_noexcept
    Feature record: CXX_FEATURE:0cxx_nonstatic_member_init
    Feature record: CXX_FEATURE:0cxx_nullptr
    Feature record: CXX_FEATURE:0cxx_override
    Feature record: CXX_FEATURE:0cxx_range_for
    Feature record: CXX_FEATURE:0cxx_raw_string_literals
    Feature record: CXX_FEATURE:0cxx_reference_qualified_functions
    Feature record: CXX_FEATURE:0cxx_relaxed_constexpr
    Feature record: CXX_FEATURE:0cxx_return_type_deduction
    Feature record: CXX_FEATURE:0cxx_right_angle_brackets
    Feature record: CXX_FEATURE:0cxx_rvalue_references
    Feature record: CXX_FEATURE:0cxx_sizeof_member
    Feature record: CXX_FEATURE:0cxx_static_assert
    Feature record: CXX_FEATURE:0cxx_strong_enums
    Feature record: CXX_FEATURE:1cxx_template_template_parameters
    Feature record: CXX_FEATURE:0cxx_thread_local
    Feature record: CXX_FEATURE:0cxx_trailing_return_types
    Feature record: CXX_FEATURE:0cxx_unicode_literals
    Feature record: CXX_FEATURE:0cxx_uniform_initialization
    Feature record: CXX_FEATURE:0cxx_unrestricted_unions
    Feature record: CXX_FEATURE:0cxx_user_literals
    Feature record: CXX_FEATURE:0cxx_variable_templates
    Feature record: CXX_FEATURE:0cxx_variadic_macros
    Feature record: CXX_FEATURE:0cxx_variadic_templates
The system is: Linux - 4.19.0-4-amd64 - x86_64
Compiling the C compiler identification source file "CMakeCCompilerId.c" succeeded.
Compiler: /usr/bin/clang-7 
Build flags: -I/home/frederic/dev/amd64/include
Id flags:  

The output was:
0


Compilation of the C compiler identification source "CMakeCCompilerId.c" produced "a.out"

The C compiler identification is Clang, found in "/home/frederic/dev/trading/siis-rev/strategies/build/release/CMakeFiles/3.13.4/CompilerIdC/a.out"

Compiling the CXX compiler identification source file "CMakeCXXCompilerId.cpp" succeeded.
Compiler: /usr/bin/clang++-7 
Build flags: 
Id flags:  

The output was:
0


Compilation of the CXX compiler identification source "CMakeCXXCompilerId.cpp" produced "a.out"

The CXX compiler identification is Clang, found in "/home/frederic/dev/trading/siis-rev/strategies/build/release/CMakeFiles/3.13.4/CompilerIdCXX/a.out"

Determining if the C compiler works passed with the following output:
Change Dir: /home/frederic/dev/trading/siis-rev/strategies/build/release/CMakeFiles/CMakeTmp

Run Build Command:"/usr/bin/make" "cmTC_275ca/fast"
/usr/bin/make -f CMakeFiles/cmTC_275ca.dir/build.make CMakeFiles/cmTC_275ca.dir/build
make[1] : on entre dans le répertoire « /home/frederic/dev/trading/siis-rev/strategies/build/release/CMakeFiles/CMakeTmp »
Building C object CMakeFiles/cmTC_275ca.dir/testCCompiler.c.o
/usr/bin/clang-7   -I/home/frederic/dev/amd64/include    -o CMakeFiles/cmTC_275ca.dir/testCCompiler.c.o   -c /home/frederic/dev/trading/siis-rev/strategies/build/release/CMakeFiles/CMakeTmp/testCCompiler.c
Linking C executable cmTC_275ca
/usr/bin/cmake -E cmake_link_script CMakeFiles/cmTC_275ca.dir/link.txt --verbose=1
/usr/bin/clang-7 -I/home/frederic/dev/amd64/include   -L/home/frederic/dev/amd64/lib -L/home/frederic/dev/amd64/lib  -rdynamic CMakeFiles/cmTC_275ca.dir/testCCompiler.c.o  -o cmTC_275ca 
make[1] : on quitte le répertoire « /home/frederic/dev/trading/siis-rev/strategies/build/release/CMakeFiles/CMakeTmp »


Detecting C compiler ABI info compiled with the following output:
Change Dir: /home/frederic/dev/trading/siis-rev/strategies/build/release/CMakeFiles/CMakeTmp

Run Build Command:"/usr/bin/make" "cmTC_252dd/fast"
/usr/bin/make -f CMakeFiles/cmTC_252dd.dir/build.make CMakeFiles/cmTC_252dd.dir/build
make[1] : on entre dans le répertoire « /home/frederic/dev/trading/siis-rev/strategies/build/release/CMakeFiles/CMakeTmp »
Building C object CMakeFiles/cmTC_252dd.dir/CMakeCCompilerABI.c.o
/usr/bin/clang-7   -I/home/frederic/dev/amd64/include    -o CMakeFiles/cmTC_252dd.dir/CMakeCCompilerABI.c.o   -c /usr/share/cmake-3.13/Modules/CMakeCCompilerABI.c
Linking C executable cmTC_252dd
/usr/bin/cmake -E cmake_link_script CMakeFiles/cmTC_252dd.dir/link.txt --verbose=1
/usr/bin/clang-7 -I/home/frederic/dev/amd64/include   -L/home/frederic/dev/amd64/lib -L/home/frederic/dev/amd64/lib -v -rdynamic CMakeFiles/cmTC_252dd.dir/CMakeCCompilerABI.c.o  -o cmTC_252dd 
clang version 7.0.1-8 (tags/RELEASE_701/final)
Target: x86_64-pc-linux-gnu
Thread model: posix
InstalledDir: /usr/bin
Found candidate GCC installation: /usr/bin/../lib/gcc/i686-linux-gnu/6
Found candidate GCC installation: /usr/bin/../lib/gcc/i686-linux-gnu/6.5.0
Found candidate GCC installation: /usr/bin/../lib/gcc/i686-linux-gnu/8
Found candidate GCC installation: /usr/bin/../lib/gcc/x86_64-linux-gnu/6
Found candidate GCC installation: /usr/bin/../lib/gcc/x86_64-linux-gnu/6.5.0
Found candidate GCC installation: /usr/bin/../lib/gcc/x86_64-linux-gnu/7
Found candidate GCC installation: /usr/bin/../lib/gcc/x86_64-linux-gnu/7.4.0
Found candidate GCC installation: /usr/bin/../lib/gcc/x86_64-linux-gnu/8
Found candidate GCC installation: /usr/lib/gcc/i686-linux-gnu/6
Found candidate GCC installation: /usr/lib/gcc/i686-linux-gnu/6.5.0
Found candidate GCC installation: /usr/lib/gcc/i686-linux-gnu/8
Found candidate GCC installation: /usr/lib/gcc/x86_64-linux-gnu/6
Found candidate GCC installation: /usr/lib/gcc/x86_64-linux-gnu/6.5.0
Found candidate GCC installation: /usr/lib/gcc/x86_64-linux-gnu/7
Found candidate GCC installation: /usr/lib/gcc/x86_64-linux-gnu/7.4.0
Found candidate GCC installation: /usr/lib/gcc/x86_64-linux-gnu/8
Selected GCC installation: /usr/bin/../lib/gcc/x86_64-linux-gnu/8
Candidate multilib: .;@m64
Candidate multilib: 32;@m32
Candidate multilib: x32;@mx32
Selected multilib: .;@m64
 "/usr/bin/ld" -export-dynamic --build-id --eh-frame-hdr -m elf_x86_64 -export-dynamic -dynamic-linker /lib64/ld-linux-x86-64.so.2 -o cmTC_252dd /usr/bin/../lib/gcc/x86_64-linux-gnu/8/../../../x86_64-linux-gnu/crt1.o /usr/bin/../lib/gcc/x86_64-linux-gnu/8/../../../x86_64-linux-gnu/crti.o /usr/bin/../lib/gcc/x86_64-linux-gnu/8/crtbegin.o -L/home/frederic/dev/amd64/lib -L/home/frederic/dev/amd64/lib -L/usr/bin/../lib/gcc/x86_64-linux-gnu/8 -L/usr/bin/../lib/gcc/x86_64-linux-gnu/8/../../../x86_64-linux-gnu -L/lib/x86_64-linux-gnu -L/lib/../lib64 -L/usr/lib/x86_64-linux-gnu -L/usr/bin/../lib/gcc/x86_64-linux-gnu/8/../../.. -L/usr/lib/llvm-7/bin/../lib -L/lib -L/usr/lib CMakeFiles/cmTC_252dd.dir/CMakeCCompilerABI.c.o -L/home/frederic/dev/amd64/lib -lgcc --as-needed -lgcc_s --no-as-needed -lc -lgcc --as-needed -lgcc_s --no-as-needed /usr/bin/../lib/gcc/x86_64-linux-gnu/8/crtend.o /usr/bin/../lib/gcc/x86_64-linux-gnu/8/../../../x86_64-linux-gnu/crtn.o
make[1] : on quitte le répertoire « /home/frederic/dev/trading/siis-rev/strategies/build/release/CMakeFiles/CMakeTmp »


Parsed C implicit link information from above output:
  link line regex: [^( *|.*[/\])(ld|CMAKE_LINK_STARTFILE-NOTFOUND|([^/\]+-)?ld|collect2)[^/\]*( |$)]
  ignore line: [Change Dir: /home/frederic/dev/trading/siis-rev/strategies/build/release/CMakeFiles/CMakeTmp]
  ignore line: []
  ignore line: [Run Build Command:"/usr/bin/make" "cmTC_252dd/fast"]
  ignore line: [/usr/bin/make -f CMakeFiles/cmTC_252dd.dir/build.make CMakeFiles/cmTC_252dd.dir/build]
  ignore line: [make[1] : on entre dans le répertoire « /home/frederic/dev/trading/siis-rev/strategies/build/release/CMakeFiles/CMakeTmp »]
  ignore line: [Building C object CMakeFiles/cmTC_252dd.dir/CMakeCCompilerABI.c.o]
  ignore line: [/usr/bin/clang-7   -I/home/frederic/dev/amd64/include    -o CMakeFiles/cmTC_252dd.dir/CMakeCCompilerABI.c.o   -c /usr/share/cmake-3.13/Modules/CMakeCCompilerABI.c]
  ignore line: [Linking C executable cmTC_252dd]
  ignore line: [/usr/bin/cmake -E cmake_link_script CMakeFiles/cmTC_252dd.dir/link.txt --verbose=1]
  ignore line: [/usr/bin/clang-7 -I/home/frederic/dev/amd64/include   -L/home/frederic/dev/amd64/lib -L/home/frederic/dev/amd64/lib -v -rdynamic CMakeFiles/cmTC_252dd.dir/CMakeCCompilerABI.c.o  -o cmTC_252dd ]
  ignore line: [clang version 7.0.1-8 (tags/RELEASE_701/final)]
  ignore line: [Target: x86_64-pc-linux-gnu]
  ignore line: [Thread model: posix]
  ignore line: [InstalledDir: /usr/bin]
  ignore line: [Found candidate GCC installation: /usr/bin/../lib/gcc/i686-linux-gnu/6]
  ignore line: [Found candidate GCC installation: /usr/bin/../lib/gcc/i686-linux-gnu/6.5.0]
  ignore line: [Found candidate GCC installation: /usr/bin/../lib/gcc/i686-linux-gnu/8]
  ignore line: [Found candidate GCC installation: /usr/bin/../lib/gcc/x86_64-linux-gnu/6]
  ignore line: [Found candidate GCC installation: /usr/bin/../lib/gcc/x86_64-linux-gnu/6.5.0]
  ignore line: [Found candidate GCC installation: /usr/bin/../lib/gcc/x86_64-linux-gnu/7]
  ignore line: [Found candidate GCC installation: /usr/bin/../lib/gcc/x86_64-linux-gnu/7.4.0]
  ignore line: [Found candidate GCC installation: /usr/bin/../lib/gcc/x86_64-linux-gnu/8]
  ignore line: [Found candidate GCC installation: /usr/lib/gcc/i686-linux-gnu/6]
  ignore line: [Found candidate GCC installation: /usr/lib/gcc/i686-linux-gnu/6.5.0]
  ignore line: [Found candidate GCC installation: /usr/lib/gcc/i686-linux-gnu/8]
  ignore line: [Found candidate GCC installation: /usr/lib/gcc/x86_64-linux-gnu/6]
  ignore line: [Found candidate GCC installation: /usr/lib/gcc/x86_64-linux-gnu/6.5.0]
  ignore line: [Found candidate GCC installation: /usr/lib/gcc/x86_64-linux-gnu/7]
  ignore line: [Found candidate GCC installation: /usr/lib/gcc/x86_64-linux-gnu/7.4.0]
  ignore line: [Found candidate GCC installation: /usr/lib/gcc/x86_64-linux-gnu/8]
  ignore line: [Selected GCC installation: /usr/bin/../lib/gcc/x86_64-linux-gnu/8]
  ignore line: [Candidate multilib: .]
  ignore line: [@m64]
  ignore line: [Candidate multilib: 32]
  ignore line: [@m32]
  ignore line: [Candidate multilib: x32]
  ignore line: [@mx32]
  ignore line: [Selected multilib: .]
  ignore line: [@m64]
  link line: [ "/usr/bin/ld" -export-dynamic --build-id --eh-frame-hdr -m elf_x86_64 -export-dynamic -dynamic-linker /lib64/ld-linux-x86-64.so.2 -o cmTC_252dd /usr/bin/../lib/gcc/x86_64-linux-gnu/8/../../../x86_64-linux-gnu/crt1.o /usr/bin/../lib/gcc/x86_64-linux-gnu/8/../../../x86_64-linux-gnu/crti.o /usr/bin/../lib/gcc/x86_64-linux-gnu/8/crtbegin.o -L/home/frederic/dev/amd64/lib -L/home/frederic/dev/amd64/lib -L/usr/bin/../lib/gcc/x86_64-linux-gnu/8 -L/usr/bin/../lib/gcc/x86_64-linux-gnu/8/../../../x86_64-linux-gnu -L/lib/x86_64-linux-gnu -L/lib/../lib64 -L/usr/lib/x86_64-linux-gnu -L/usr/bin/../lib/gcc/x86_64-linux-gnu/8/../../.. -L/usr/lib/llvm-7/bin/../lib -L/lib -L/usr/lib CMakeFiles/cmTC_252dd.dir/CMakeCCompilerABI.c.o -L/home/frederic/dev/amd64/lib -lgcc --as-needed -lgcc_s --no-as-needed -lc -lgcc --as-needed -lgcc_s --no-as-needed /usr/bin/../lib/gcc/x86_64-linux-gnu/8/crtend.o /usr/bin/../lib/gcc/x86_64-linux-gnu/8/../../../x86_64-linux-gnu/crtn.o]
    arg [/usr/bin/ld] ==> ignore
    arg [-export-dynamic] ==> ignore
    arg [--build-id] ==> ignore
    arg [--eh-frame-hdr] ==> ignore
    arg [-m] ==> ignore
    arg [elf_x86_64] ==> ignore
    arg [-export-dynamic] ==> ignore
    arg [-dynamic-linker] ==> ignore
    arg [/lib64/ld-linux-x86-64.so.2] ==> ignore
    arg [-o] ==> ignore
    arg [cmTC_252dd] ==> ignore
    arg [/usr/bin/../lib/gcc/x86_64-linux-gnu/8/../../../x86_64-linux-gnu/crt1.o] ==> ignore
    arg [/usr/bin/../lib/gcc/x86_64-linux-gnu/8/../../../x86_64-linux-gnu/crti.o] ==> ignore
    arg [/usr/bin/../lib/gcc/x86_64-linux-gnu/8/crtbegin.o] ==> ignore
    arg [-L/home/frederic/dev/amd64/lib] ==> dir [/home/frederic/dev/amd64/lib]
    arg [-L/home/frederic/dev/amd64/lib] ==> dir [/home/frederic/dev/amd64/lib]
    arg [-L/usr/bin/../lib/gcc/x86_64-linux-gnu/8] ==> dir [/usr/bin/../lib/gcc/x86_64-linux-gnu/8]
    arg [-L/usr/bin/../lib/gcc/x86_64-linux-gnu/8/../../../x86_64-linux-gnu] ==> dir [/usr/bin/../lib/gcc/x86_64-linux-gnu/8/../../../x86_64-linux-gnu]
    arg [-L/lib/x86_64-linux-gnu] ==> dir [/lib/x86_64-linux-gnu]
    arg [-L/lib/../lib64] ==> dir [/lib/../lib64]
    arg [-L/usr/lib/x86_64-linux-gnu] ==> dir [/usr/lib/x86_64-linux-gnu]
    arg [-L/usr/bin/../lib/gcc/x86_64-linux-gnu/8/../../..] ==> dir [/usr/bin/../lib/gcc/x86_64-linux-gnu/8/../../..]
    arg [-L/usr/lib/llvm-7/bin/../lib] ==> dir [/usr/lib/llvm-7/bin/../lib]
    arg [-L/lib] ==> dir [/lib]
    arg [-L/usr/lib] ==> dir [/usr/lib]
    arg [CMakeFiles/cmTC_252dd.dir/CMakeCCompilerABI.c.o] ==> ignore
    arg [-L/home/frederic/dev/amd64/lib] ==> dir [/home/frederic/dev/amd64/lib]
    arg [-lgcc] ==> lib [gcc]
    arg [--as-needed] ==> ignore
    arg [-lgcc_s] ==> lib [gcc_s]
    arg [--no-as-needed] ==> ignore
    arg [-lc] ==> lib [c]
    arg [-lgcc] ==> lib [gcc]
    arg [--as-needed] ==> ignore
    arg [-lgcc_s] ==> lib [gcc_s]
    arg [--no-as-needed] ==> ignore
    arg [/usr/bin/../lib/gcc/x86_64-linux-gnu/8/crtend.o] ==> ignore
    arg [/usr/bin/../lib/gcc/x86_64-linux-gnu/8/../../../x86_64-linux-gnu/crtn.o] ==> ignore
  collapse library dir [/home/frederic/dev/amd64/lib] ==> [/home/frederic/dev/amd64/lib]
  collapse library dir [/home/frederic/dev/amd64/lib] ==> [/home/frederic/dev/amd64/lib]
  collapse library dir [/usr/bin/../lib/gcc/x86_64-linux-gnu/8] ==> [/usr/lib/gcc/x86_64-linux-gnu/8]
  collapse library dir [/usr/bin/../lib/gcc/x86_64-linux-gnu/8/../../../x86_64-linux-gnu] ==> [/usr/lib/x86_64-linux-gnu]
  collapse library dir [/lib/x86_64-linux-gnu] ==> [/lib/x86_64-linux-gnu]
  collapse library dir [/lib/../lib64] ==> [/lib64]
  collapse library dir [/usr/lib/x86_64-linux-gnu] ==> [/usr/lib/x86_64-linux-gnu]
  collapse library dir [/usr/bin/../lib/gcc/x86_64-linux-gnu/8/../../..] ==> [/usr/lib]
  collapse library dir [/usr/lib/llvm-7/bin/../lib] ==> [/usr/lib/llvm-7/lib]
  collapse library dir [/lib] ==> [/lib]
  collapse library dir [/usr/lib] ==> [/usr/lib]
  collapse library dir [/home/frederic/dev/amd64/lib] ==> [/home/frederic/dev/amd64/lib]
  implicit libs: [gcc;gcc_s;c;gcc;gcc_s]
  implicit dirs: [/home/frederic/dev/amd64/lib;/usr/lib/gcc/x86_64-linux-gnu/8;/usr/lib/x86_64-linux-gnu;/lib/x86_64-linux-gnu;/lib64;/usr/lib;/usr/lib/llvm-7/lib;/lib]
  implicit fwks: []




Detecting C [-std=c11] compiler features compiled with the following output:
Change Dir: /home/frederic/dev/trading/siis-rev/strategies/build/release/CMakeFiles/CMakeTmp

Run Build Command:"/usr/bin/make" "cmTC_adc4a/fast"
/usr/bin/make -f CMakeFiles/cmTC_adc4a.dir/build.make CMakeFiles/cmTC_adc4a.dir/build
make[1] : on entre dans le répertoire « /home/frederic/dev/trading/siis-rev/strategies/build/release/CMakeFiles/CMakeTmp »
Building C object CMakeFiles/cmTC_adc4a.dir/feature_tests.c.o
/usr/bin/clang-7   -I/home/frederic/dev/amd64/include    -std=c11 -o CMakeFiles/cmTC_adc4a.dir/feature_tests.c.o   -c /home/frederic/dev/trading/siis-rev/strategies/build/release/CMakeFiles/feature_tests.c
Linking C executable cmTC_adc4a
/usr/bin/cmake -E cmake_link_script CMakeFiles/cmTC_adc4a.dir/link.txt --verbose=1
/usr/bin/clang-7 -I/home/frederic/dev/amd64/include   -L/home/frederic/dev/amd64/lib -L/home/frederic/dev/amd64/lib  -rdynamic CMakeFiles/cmTC_adc4a.dir/feature_tests.c.o  -o cmTC_adc4a 
make[1] : on quitte le répertoire « /home/frederic/dev/trading/siis-rev/strategies/build/release/CMakeFiles/CMakeTmp »


    Feature record: C_FEATURE:1c_function_prototypes
    Feature record: C_FEATURE:1c_restrict
    Feature record: C_FEATURE:1c_static_assert
    Feature record: C_FEATURE:1c_variadic_macros


Detecting C [-std=c99] compiler features compiled with the following output:
Change Dir: /home/frederic/dev/trading/siis-rev/strategies/build/release/CMakeFiles/CMakeTmp

Run Build Command:"/usr/bin/make" "cmTC_7184a/fast"
/usr/bin/make -f CMakeFiles/cmTC_7184a.dir/build.make CMakeFiles/cmTC_7184a.dir/build
make[1] : on entre dans le répertoire « /home/frederic/dev/trading/siis-rev/strategies/build/release/CMakeFiles/CMakeTmp »
Building C object CMakeFiles/cmTC_7184a.dir/feature_tests.c.o
/usr/bin/clang-7   -I/home/frederic/dev/amd64/include    -std=c99 -o CMakeFiles/cmTC_7184a.dir/feature_tests.c.o   -c /home/frederic/dev/trading/siis-rev/strategies/build/release/CMakeFiles/feature_tests.c
Linking C executable cmTC_7184a
/usr/bin/cmake -E cmake_link_script CMakeFiles/cmTC_7184a.dir/link.txt --verbose=1
/usr/bin/clang-7 -I/home/frederic/dev/amd64/include   -L/home/frederic/dev/amd64/lib -L/home/frederic/dev/amd64/lib  -rdynamic CMakeFiles/cmTC_7184a.dir/feature_tests.c.o  -o cmTC_7184a 
make[1] : on quitte le répertoire « /home/frederic/dev/trading/siis-rev/strategies/build/release/CMakeFiles/CMakeTmp »


    Feature record: C_FEATURE:1c_function_prototypes
    Feature record: C_FEATURE:1c_restrict
    Feature record: C_FEATURE:0c_static_assert
    Feature record: C_FEATURE:1c_variadic_macros


Detecting C [-std=c90] compiler features compiled with the following output:
Change Dir: /home/frederic/dev/trading/siis-rev/strategies/build/release/CMakeFiles/CMakeTmp

Run Build Command:"/usr/bin/make" "cmTC_d3fac/fast"
/usr/bin/make -f CMakeFiles/cmTC_d3fac.dir/build.make CMakeFiles/cmTC_d3fac.dir/build
make[1] : on entre dans le répertoire « /home/frederic/dev/trading/siis-rev/strategies/build/release/CMakeFiles/CMakeTmp »
Building C object CMakeFiles/cmTC_d3fac.dir/feature_tests.c.o
/usr/bin/clang-7   -I/home/frederic/dev/amd64/include    -std=c90 -o CMakeFiles/cmTC_d3fac.dir/feature_tests.c.o   -c /home/frederic/dev/trading/siis-rev/strategies/build/release/CMakeFiles/feature_tests.c
Linking C executable cmTC_d3fac
/usr/bin/cmake -E cmake_link_script CMakeFiles/cmTC_d3fac.dir/link.txt --verbose=1
/usr/bin/clang-7 -I/home/frederic/dev/amd64/include   -L/home/frederic/dev/amd64/lib -L/home/frederic/dev/amd64/lib  -rdynamic CMakeFiles/cmTC_d3fac.dir/feature_tests.c.o  -o cmTC_d3fac 
make[1] : on quitte le répertoire « /home/frederic/dev/trading/siis-rev/strategies/build/release/CMakeFiles/CMakeTmp »


    Feature record: C_FEATURE:1c_function_prototypes
    Feature record: C_FEATURE:0c_restrict
    Feature record: C_FEATURE:0c_static_assert
    Feature record: C_FEATURE:0c_variadic_macros
Determining if the CXX compiler works passed with the following output:
Change Dir: /home/frederic/dev/trading/siis-rev/strategies/build/release/CMakeFiles/CMakeTmp

Run Build Command:"/usr/bin/make" "cmTC_5709c/fast"
/usr/bin/make -f CMakeFiles/cmTC_5709c.dir/build.make CMakeFiles/cmTC_5709c.dir/build
make[1] : on entre dans le répertoire « /home/frederic/dev/trading/siis-rev/strategies/build/release/CMakeFiles/CMakeTmp »
Building CXX object CMakeFiles/cmTC_5709c.dir/testCXXCompiler.cxx.o
/usr/bin/clang++-7     -o CMakeFiles/cmTC_5709c.dir/testCXXCompiler.cxx.o -c /home/frederic/dev/trading/siis-rev/strategies/build/release/CMakeFiles/CMakeTmp/testCXXCompiler.cxx
Linking CXX executable cmTC_5709c
/usr/bin/cmake -E cmake_link_script CMakeFiles/cmTC_5709c.dir/link.txt --verbose=1
/usr/bin/clang++-7     -L/home/frederic/dev/amd64/lib -L/home/frederic/dev/amd64/lib  -rdynamic CMakeFiles/cmTC_5709c.dir/testCXXCompiler.cxx.o  -o cmTC_5709c 
make[1] : on quitte le répertoire « /home/frederic/dev/trading/siis-rev/strategies/build/release/CMakeFiles/CMakeTmp »


Detecting CXX compiler ABI info compiled with the following output:
Change Dir: /home/frederic/dev/trading/siis-rev/strategies/build/release/CMakeFiles/CMakeTmp

Run Build Command:"/usr/bin/make" "cmTC_2a23b/fast"
/usr/bin/make -f CMakeFiles/cmTC_2a23b.dir/build.make CMakeFiles/cmTC_2a23b.dir/build
make[1] : on entre dans le répertoire « /home/frederic/dev/trading/siis-rev/strategies/build/release/CMakeFiles/CMakeTmp »
Building CXX object CMakeFiles/cmTC_2a23b.dir/CMakeCXXCompilerABI.cpp.o
/usr/bin/clang++-7     -o CMakeFiles/cmTC_2a23b.dir/CMakeCXXCompilerABI.cpp.o -c /usr/share/cmake-3.13/Modules/CMakeCXXCompilerABI.cpp
Linking CXX executable cmTC_2a23b
/usr/bin/cmake -E cmake_link_script CMakeFiles/cmTC_2a23b.dir/link.txt --verbose=1
/usr/bin/clang++-7     -L/home/frederic/dev/amd64/lib -L/home/frederic/dev/amd64/lib -v -rdynamic CMakeFiles/cmTC_2a23b.dir/CMakeCXXCompilerABI.cpp.o  -o cmTC_2a23b 
clang version 7.0.1-8 (tags/RELEASE_701/final)
Target: x86_64-pc-linux-gnu
Thread model: posix
InstalledDir: /usr/bin
Found candidate GCC installation: /usr/bin/../lib/gcc/i686-linux-gnu/6
Found candidate GCC installation: /usr/bin/../lib/gcc/i686-linux-gnu/6.5.0
Found candidate GCC installation: /usr/bin/../lib/gcc/i686-linux-gnu/8
Found candidate GCC installation: /usr/bin/../lib/gcc/x86_64-linux-gnu/6
Found candidate GCC installation: /usr/bin/../lib/gcc/x86_64-linux-gnu/6.5.0
Found candidate GCC installation: /usr/bin/../lib/gcc/x86_64-linux-gnu/7
Found candidate GCC installation: /usr/bin/../lib/gcc/x86_64-linux-gnu/7.4.0
Found candidate GCC installation: /usr/bin/../lib/gcc/x86_64-linux-gnu/8
Found candidate GCC installation: /usr/lib/gcc/i686-linux-gnu/6
Found candidate GCC installation: /usr/lib/gcc/i686-linux-gnu/6.5.0
Found candidate GCC installation: /usr/lib/gcc/i686-linux-gnu/8
Found candidate GCC installation: /usr/lib/gcc/x86_64-linux-gnu/6
Found candidate GCC installation: /usr/lib/gcc/x86_64-linux-gnu/6.5.0
Found candidate GCC installation: /usr/lib/gcc/x86_64-linux-gnu/7
Found candidate GCC installation: /usr/lib/gcc/x86_64-linux-gnu/7.4.0
Found candidate GCC installation: /usr/lib/gcc/x86_64-linux-gnu/8
Selected GCC installation: /usr/bin/../lib/gcc/x86_64-linux-gnu/8
Candidate multilib: .;@m64
Candidate multilib: 32;@m32
Candidate multilib: x32;@mx32
Selected multilib: .;@m64
 "/usr/bin/ld" -export-dynamic --build-id --eh-frame-hdr -m elf_x86_64 -export-dynamic -dynamic-linker /lib64/ld-linux-x86-64.so.2 -o cmTC_2a23b /usr/bin/../lib/gcc/x86_64-linux-gnu/8/../../../x86_64-linux-gnu/crt1.o /usr/bin/../lib/gcc/x86_64-linux-gnu/8/../../../x86_64-linux-gnu/crti.o /usr/bin/../lib/gcc/x86_64-linux-gnu/8/crtbegin.o -L/home/frederic/dev/amd64/lib -L/home/frederic/dev/amd64/lib -L/usr/bin/../lib/gcc/x86_64-linux-gnu/8 -L/usr/bin/../lib/gcc/x86_64-linux-gnu/8/../../../x86_64-linux-gnu -L/lib/x86_64-linux-gnu -L/lib/../lib64 -L/usr/lib/x86_64-linux-gnu -L/usr/bin/../lib/gcc/x86_64-linux-gnu/8/../../.. -L/usr/lib/llvm-7/bin/../lib -L/lib -L/usr/lib CMakeFiles/cmTC_2a23b.dir/CMakeCXXCompilerABI.cpp.o -L/home/frederic/dev/amd64/lib -lstdc++ -lm -lgcc_s -lgcc -lc -lgcc_s -lgcc /usr/bin/../lib/gcc/x86_64-linux-gnu/8/crtend.o /usr/bin/../lib/gcc/x86_64-linux-gnu/8/../../../x86_64-linux-gnu/crtn.o
make[1] : on quitte le répertoire « /home/frederic/dev/trading/siis-rev/strategies/build/release/CMakeFiles/CMakeTmp »


Parsed CXX implicit link information from above output:
  link line regex: [^( *|.*[/\])(ld|CMAKE_LINK_STARTFILE-NOTFOUND|([^/\]+-)?ld|collect2)[^/\]*( |$)]
  ignore line: [Change Dir: /home/frederic/dev/trading/siis-rev/strategies/build/release/CMakeFiles/CMakeTmp]
  ignore line: []
  ignore line: [Run Build Command:"/usr/bin/make" "cmTC_2a23b/fast"]
  ignore line: [/usr/bin/make -f CMakeFiles/cmTC_2a23b.dir/build.make CMakeFiles/cmTC_2a23b.dir/build]
  ignore line: [make[1] : on entre dans le répertoire « /home/frederic/dev/trading/siis-rev/strategies/build/release/CMakeFiles/CMakeTmp »]
  ignore line: [Building CXX object CMakeFiles/cmTC_2a23b.dir/CMakeCXXCompilerABI.cpp.o]
  ignore line: [/usr/bin/clang++-7     -o CMakeFiles/cmTC_2a23b.dir/CMakeCXXCompilerABI.cpp.o -c /usr/share/cmake-3.13/Modules/CMakeCXXCompilerABI.cpp]
  ignore line: [Linking CXX executable cmTC_2a23b]
  ignore line: [/usr/bin/cmake -E cmake_link_script CMakeFiles/cmTC_2a23b.dir/link.txt --verbose=1]
  ignore line: [/usr/bin/clang++-7     -L/home/frederic/dev/amd64/lib -L/home/frederic/dev/amd64/lib -v -rdynamic CMakeFiles/cmTC_2a23b.dir/CMakeCXXCompilerABI.cpp.o  -o cmTC_2a23b ]
  ignore line: [clang version 7.0.1-8 (tags/RELEASE_701/final)]
  ignore line: [Target: x86_64-pc-linux-gnu]
  ignore line: [Thread model: posix]
  ignore line: [InstalledDir: /usr/bin]
  ignore line: [Found candidate GCC installation: /usr/bin/../lib/gcc/i686-linux-gnu/6]
  ignore line: [Found candidate GCC installation: /usr/bin/../lib/gcc/i686-linux-gnu/6.5.0]
  ignore line: [Found candidate GCC installation: /usr/bin/../lib/gcc/i686-linux-gnu/8]
  ignore line: [Found candidate GCC installation: /usr/bin/../lib/gcc/x86_64-linux-gnu/6]
  ignore line: [Found candidate GCC installation: /usr/bin/../lib/gcc/x86_64-linux-gnu/6.5.0]
  ignore line: [Found candidate GCC installation: /usr/bin/../lib/gcc/x86_64-linux-gnu/7]
  ignore line: [Found candidate GCC installation: /usr/bin/../lib/gcc/x86_64-linux-gnu/7.4.0]
  ignore line: [Found candidate GCC installation: /usr/bin/../lib/gcc/x86_64-linux-gnu/8]
  ignore line: [Found candidate GCC installation: /usr/lib/gcc/i686-linux-gnu/6]
  ignore line: [Found candidate GCC installation: /usr/lib/gcc/i686-linux-gnu/6.5.0]
  ignore line: [Found candidate GCC installation: /usr/lib/gcc/i686-linux-gnu/8]
  ignore line: [Found candidate GCC installation: /usr/lib/gcc/x86_64-linux-gnu/6]
  ignore line: [Found candidate GCC installation: /usr/lib/gcc/x86_64-linux-gnu/6.5.0]
  ignore line: [Found candidate GCC installation: /usr/lib/gcc/x86_64-linux-gnu/7]
  ignore line: [Found candidate GCC installation: /usr/lib/gcc/x86_64-linux-gnu/7.4.0]
  ignore line: [Found candidate GCC installation: /usr/lib/gcc/x86_64-linux-gnu/8]
  ignore line: [Selected GCC installation: /usr/bin/../lib/gcc/x86_64-linux-gnu/8]
  ignore line: [Candidate multilib: .]
  ignore line: [@m64]
  ignore line: [Candidate multilib: 32]
  ignore line: [@m32]
  ignore line: [Candidate multilib: x32]
  ignore line: [@mx32]
  ignore line: [Selected multilib: .]
  ignore line: [@m64]
  link line: [ "/usr/bin/ld" -export-dynamic --build-id --eh-frame-hdr -m elf_x86_64 -export-dynamic -dynamic-linker /lib64/ld-linux-x86-64.so.2 -o cmTC_2a23b /usr/bin/../lib/gcc/x86_64-linux-gnu/8/../../../x86_64-linux-gnu/crt1.o /usr/bin/../lib/gcc/x86_64-linux-gnu/8/../../../x86_64-linux-gnu/crti.o /usr/bin/../lib/gcc/x86_64-linux-gnu/8/crtbegin.o -L/home/frederic/dev/amd64/lib -L/home/frederic/dev/amd64/lib -L/usr/bin/../lib/gcc/x86_64-linux-gnu/8 -L/usr/bin/../lib/gcc/x86_64-linux-gnu/8/../../../x86_64-linux-gnu -L/lib/x86_64-linux-gnu -L/lib/../lib64 -L/usr/lib/x86_64-linux-gnu -L/usr/bin/../lib/gcc/x86_64-linux-gnu/8/../../.. -L/usr/lib/llvm-7/bin/../lib -L/lib -L/usr/lib CMakeFiles/cmTC_2a23b.dir/CMakeCXXCompilerABI.cpp.o -L/home/frederic/dev/amd64/lib -lstdc++ -lm -lgcc_s -lgcc -lc -lgcc_s -lgcc /usr/bin/../lib/gcc/x86_64-linux-gnu/8/crtend.o /usr/bin/../lib/gcc/x86_64-linux-gnu/8/../../../x86_64-linux-gnu/crtn.o]
    arg [/usr/bin/ld] ==> ignore
    arg [-export-dynamic] ==> ignore
    arg [--build-id] ==> ignore
    arg [--eh-frame-hdr] ==> ignore
    arg [-m] ==> ignore
    arg [elf_x86_64] ==> ignore
    arg [-export-dynamic] ==> ignore
    arg [-dynamic-linker] ==> ignore
    arg [/lib64/ld-linux-x86-64.so.2] ==> ignore
    arg [-o] ==> ignore
    arg [cmTC_2a23b] ==> ignore
    arg [/usr/bin/../lib/gcc/x86_64-linux-gnu/8/../../../x86_64-linux-gnu/crt1.o] ==> ignore
    arg [/usr/bin/../lib/gcc/x86_64-linux-gnu/8/../../../x86_64-linux-gnu/crti.o] ==> ignore
    arg [/usr/bin/../lib/gcc/x86_64-linux-gnu/8/crtbegin.o] ==> ignore
    arg [-L/home/frederic/dev/amd64/lib] ==> dir [/home/frederic/dev/amd64/lib]
    arg [-L/home/frederic/dev/amd64/lib] ==> dir [/home/frederic/dev/amd64/lib]
    arg [-L/usr/bin/../lib/gcc/x86_64-linux-gnu/8] ==> dir [/usr/bin/../lib/gcc/x86_64-linux-gnu/8]
    arg [-L/usr/bin/../lib/gcc/x86_64-linux-gnu/8/../../../x86_64-linux-gnu] ==> dir [/usr/bin/../lib/gcc/x86_64-linux-gnu/8/../../../x86_64-linux-gnu]
    arg [-L/lib/x86_64-linux-gnu] ==> dir [/lib/x86_64-linux-gnu]
    arg [-L/lib/../lib64] ==> dir [/lib/../lib64]
    arg [-L/usr/lib/x86_64-linux-gnu] ==> dir [/usr/lib/x86_64-linux-gnu]
    arg [-L/usr/bin/../lib/gcc/x86_64-linux-gnu/8/../../..] ==> dir [/usr/bin/../lib/gcc/x86_64-linux-gnu/8/../../..]
    arg [-L/usr/lib/llvm-7/bin/../lib] ==> dir [/usr/lib/llvm-7/bin/../lib]
    arg [-L/lib] ==> dir [/lib]
    arg [-L/usr/lib] ==> dir [/usr/lib]
    arg [CMakeFiles/cmTC_2a23b.dir/CMakeCXXCompilerABI.cpp.o] ==> ignore
    arg [-L/home/frederic/dev/amd64/lib] ==> dir [/home/frederic/dev/amd64/lib]
    arg [-lstdc++] ==> lib [stdc++]
    arg [-lm] ==> lib [m]
    arg [-lgcc_s] ==> lib [gcc_s]
    arg [-lgcc] ==> lib [gcc]
    arg [-lc] ==> lib [c]
    arg [-lgcc_s] ==> lib [gcc_s]
    arg [-lgcc] ==> lib [gcc]
    arg [/usr/bin/../lib/gcc/x86_64-linux-gnu/8/crtend.o] ==> ignore
    arg [/usr/bin/../lib/gcc/x86_64-linux-gnu/8/../../../x86_64-linux-gnu/crtn.o] ==> ignore
  collapse library dir [/home/frederic/dev/amd64/lib] ==> [/home/frederic/dev/amd64/lib]
  collapse library dir [/home/frederic/dev/amd64/lib] ==> [/home/frederic/dev/amd64/lib]
  collapse library dir [/usr/bin/../lib/gcc/x86_64-linux-gnu/8] ==> [/usr/lib/gcc/x86_64-linux-gnu/8]
  collapse library dir [/usr/bin/../lib/gcc/x86_64-linux-gnu/8/../../../x86_64-linux-gnu] ==> [/usr/lib/x86_64-linux-gnu]
  collapse library dir [/lib/x86_64-linux-gnu] ==> [/lib/x86_64-linux-gnu]
  collapse library dir [/lib/../lib64] ==> [/lib64]
  collapse library dir [/usr/lib/x86_64-linux-gnu] ==> [/usr/lib/x86_64-linux-gnu]
  collapse library dir [/usr/bin/../lib/gcc/x86_64-linux-gnu/8/../../..] ==> [/usr/lib]
  collapse library dir [/usr/lib/llvm-7/bin/../lib] ==> [/usr/lib/llvm-7/lib]
  collapse library dir [/lib] ==> [/lib]
  collapse library dir [/usr/lib] ==> [/usr/lib]
  collapse library dir [/home/frederic/dev/amd64/lib] ==> [/home/frederic/dev/amd64/lib]
  implicit libs: [stdc++;m;gcc_s;gcc;c;gcc_s;gcc]
  implicit dirs: [/home/frederic/dev/amd64/lib;/usr/lib/gcc/x86_64-linux-gnu/8;/usr/lib/x86_64-linux-gnu;/lib/x86_64-linux-gnu;/lib64;/usr/lib;/usr/lib/llvm-7/lib;/lib]
  implicit fwks: []




Detecting CXX [-std=c++2a] compiler features compiled with the following output:
Change Dir: /home/frederic/dev/trading/siis-rev/strategies/build/release/CMakeFiles/CMakeTmp

Run Build Command:"/usr/bin/make" "cmTC_e23e4/fast"
/usr/bin/make -f CMakeFiles/cmTC_e23e4.dir/build.make CMakeFiles/cmTC_e23e4.dir/build
make[1] : on entre dans le répertoire « /home/frederic/dev/trading/siis-rev/strategies/build/release/CMakeFiles/CMakeTmp »
Building CXX object CMakeFiles/cmTC_e23e4.dir/feature_tests.cxx.o
/usr/bin/clang++-7    -std=c++2a -o CMakeFiles/cmTC_e23e4.dir/feature_tests.cxx.o -c /home/frederic/dev/trading/siis-rev/strategies/build/release/CMakeFiles/feature_tests.cxx
Linking CXX executable cmTC_e23e4
/usr/bin/cmake -E cmake_link_script CMakeFiles/cmTC_e23e4.dir/link.txt --verbose=1
/usr/bin/clang++-7     -L/home/frederic/dev/amd64/lib -L/home/frederic/dev/amd64/lib  -rdynamic CMakeFiles/cmTC_e23e4.dir/feature_tests.cxx.o  -o cmTC_e23e4 
make[1] : on quitte le répertoire « /home/frederic/dev/trading/siis-rev/strategies/build/release/CMakeFiles/CMakeTmp »


    Feature record: CXX_FEATURE:1cxx_aggregate_default_initializers
    Feature record: CXX_FEATURE:1cxx_alias_templates
    Feature record: CXX_FEATURE:1cxx_alignas
    Feature record: CXX_FEATURE:1cxx_alignof
    Feature record: CXX_FEATURE:1cxx_attributes
    Feature record: CXX_FEATURE:1cxx_attribute_deprecated
    Feature record: CXX_FEATURE:1cxx_auto_type
    Feature record: CXX_FEATURE:1cxx_binary_literals
    Feature record: CXX_FEATURE:1cxx_constexpr
    Feature record: CXX_FEATURE:1cxx_contextual_conversions
    Feature record: CXX_FEATURE:1cxx_decltype
    Feature record: CXX_FEATURE:1cxx_decltype_auto
    Feature record: CXX_FEATURE:1cxx_decltype_incomplete_return_types
    Feature record: CXX_FEATURE:1cxx_default_function_template_args
    Feature record: CXX_FEATURE:1cxx_defaulted_functions
    Feature record: CXX_FEATURE:1cxx_defaulted_move_initializers
    Feature record: CXX_FEATURE:1cxx_delegating_constructors
    Feature record: CXX_FEATURE:1cxx_deleted_functions
    Feature record: CXX_FEATURE:1cxx_digit_separators
    Feature record: CXX_FEATURE:1cxx_enum_forward_declarations
    Feature record: CXX_FEATURE:1cxx_explicit_conversions
    Feature record: CXX_FEATURE:1cxx_extended_friend_declarations
    Feature record: CXX_FEATURE:1cxx_extern_templates
    Feature record: CXX_FEATURE:1cxx_final
    Feature record: CXX_FEATURE:1cxx_func_identifier
    Feature record: CXX_FEATURE:1cxx_generalized_initializers
    Feature record: CXX_FEATURE:1cxx_generic_lambdas
    Feature record: CXX_FEATURE:1cxx_inheriting_constructors
    Feature record: CXX_FEATURE:1cxx_inline_namespaces
    Feature record: CXX_FEATURE:1cxx_lambdas
    Feature record: CXX_FEATURE:1cxx_lambda_init_captures
    Feature record: CXX_FEATURE:1cxx_local_type_template_args
    Feature record: CXX_FEATURE:1cxx_long_long_type
    Feature record: CXX_FEATURE:1cxx_noexcept
    Feature record: CXX_FEATURE:1cxx_nonstatic_member_init
    Feature record: CXX_FEATURE:1cxx_nullptr
    Feature record: CXX_FEATURE:1cxx_override
    Feature record: CXX_FEATURE:1cxx_range_for
    Feature record: CXX_FEATURE:1cxx_raw_string_literals
    Feature record: CXX_FEATURE:1cxx_reference_qualified_functions
    Feature record: CXX_FEATURE:1cxx_relaxed_constexpr
    Feature record: CXX_FEATURE:1cxx_return_type_deduction
    Feature record: CXX_FEATURE:1cxx_right_angle_brackets
    Feature record: CXX_FEATURE:1cxx_rvalue_references
    Feature record: CXX_FEATURE:1cxx_sizeof_member
    Feature record: CXX_FEATURE:1cxx_static_assert
    Feature record: CXX_FEATURE:1cxx_strong_enums
    Feature record: CXX_FEATURE:1cxx_template_template_parameters
    Feature record: CXX_FEATURE:1cxx_thread_local
    Feature record: CXX_FEATURE:1cxx_trailing_return_types
    Feature record: CXX_FEATURE:1cxx_unicode_literals
    Feature record: CXX_FEATURE:1cxx_uniform_initialization
    Feature record: CXX_FEATURE:1cxx_unrestricted_unions
    Feature record: CXX_FEATURE:1cxx_user_literals
    Feature record: CXX_FEATURE:1cxx_variable_templates
    Feature record: CXX_FEATURE:1cxx_variadic_macros
    Feature record: CXX_FEATURE:1cxx_variadic_templates


Detecting CXX [-std=c++17] compiler features compiled with the following output:
Change Dir: /home/frederic/dev/trading/siis-rev/strategies/build/release/CMakeFiles/CMakeTmp

Run Build Command:"/usr/bin/make" "cmTC_b3c60/fast"
/usr/bin/make -f CMakeFiles/cmTC_b3c60.dir/build.make CMakeFiles/cmTC_b3c60.dir/build
make[1] : on entre dans le répertoire « /home/frederic/dev/trading/siis-rev/strategies/build/release/CMakeFiles/CMakeTmp »
Building CXX object CMakeFiles/cmTC_b3c60.dir/feature_tests.cxx.o
/usr/bin/clang++-7    -std=c++17 -o CMakeFiles/cmTC_b3c60.dir/feature_tests.cxx.o -c /home/frederic/dev/trading/siis-rev/strategies/build/release/CMakeFiles/feature_tests.cxx
Linking CXX executable cmTC_b3c60
/usr/bin/cmake -E cmake_link_script CMakeFiles/cmTC_b3c60.dir/link.txt --verbose=1
/usr/bin/clang++-7     -L/home/frederic/dev/amd64/lib -L/home/frederic/dev/amd64/lib  -rdynamic CMakeFiles/cmTC_b3c60.dir/feature_tests.cxx.o  -o cmTC_b3c60 
make[1] : on quitte le répertoire « /home/frederic/dev/trading/siis-rev/strategies/build/release/CMakeFiles/CMakeTmp »


    Feature record: CXX_FEATURE:1cxx_aggregate_default_initializers
    Feature record: CXX_FEATURE:1cxx_alias_templates
    Feature record: CXX_FEATURE:1cxx_alignas
    Feature record: CXX_FEATURE:1cxx_alignof
    Feature record: CXX_FEATURE:1cxx_attributes
    Feature record: CXX_FEATURE:1cxx_attribute_deprecated
    Feature record: CXX_FEATURE:1cxx_auto_type
    Feature record: CXX_FEATURE:1cxx_binary_literals
    Feature record: CXX_FEATURE:1cxx_constexpr
    Feature record: CXX_FEATURE:1cxx_contextual_conversions
    Feature record: CXX_FEATURE:1cxx_decltype
    Feature record: CXX_FEATURE:1cxx_decltype_auto
    Feature record: CXX_FEATURE:1cxx_decltype_incomplete_return_types
    Feature record: CXX_FEATURE:1cxx_default_function_template_args
    Feature record: CXX_FEATURE:1cxx_defaulted_functions
    Feature record: CXX_FEATURE:1cxx_defaulted_move_initializers
    Feature record: CXX_FEATURE:1cxx_delegating_constructors
    Feature record: CXX_FEATURE:1cxx_deleted_functions
    Feature record: CXX_FEATURE:1cxx_digit_separators
    Feature record: CXX_FEATURE:1cxx_enum_forward_declarations
    Feature record: CXX_FEATURE:1cxx_explicit_conversions
    Feature record: CXX_FEATURE:1cxx_extended_friend_declarations
    Feature record: CXX_FEATURE:1cxx_extern_templates
    Feature record: CXX_FEATURE:1cxx_final
    Feature record: CXX_FEATURE:1cxx_func_identifier
    Feature record: CXX_FEATURE:1cxx_generalized_initializers
    Feature record: CXX_FEATURE:1cxx_generic_lambdas
    Feature record: CXX_FEATURE:1cxx_inheriting_constructors
    Feature record: CXX_FEATURE:1cxx_inline_namespaces
    Feature record: CXX_FEATURE:1cxx_lambdas
    Feature record: CXX_FEATURE:1cxx_lambda_init_captures
    Feature record: CXX_FEATURE:1cxx_local_type_template_args
    Feature record: CXX_FEATURE:1cxx_long_long_type
    Feature record: CXX_FEATURE:1cxx_noexcept
    Feature record: CXX_FEATURE:1cxx_nonstatic_member_init
    Feature record: CXX_FEATURE:1cxx_nullptr
    Feature record: CXX_FEATURE:1cxx_override
    Feature record: CXX_FEATURE:1cxx_range_for
    Feature record: CXX_FEATURE:1cxx_raw_string_literals
    Feature record: CXX_FEATURE:1cxx_reference_qualified_functions
    Feature record: CXX_FEATURE:1cxx_relaxed_constexpr
    Feature record: CXX_FEATURE:1cxx_return_type_deduction
    Feature record: CXX_FEATURE:1cxx_right_angle_brackets
    Feature record: CXX_FEATURE:1cxx_rvalue_references
    Feature record: CXX_FEATURE:1cxx_sizeof_member
    Feature record: CXX_FEATURE:1cxx_static_assert
    Feature record: CXX_FEATURE:1cxx_strong_enums
    Feature record: CXX_FEATURE:1cxx_template_template_parameters
    Feature record: CXX_FEATURE:1cxx_thread_local
    Feature record: CXX_FEATURE:1cxx_trailing_return_types
    Feature record: CXX_FEATURE:1cxx_unicode_literals
    Feature record: CXX_FEATURE:1cxx_uniform_initialization
    Feature record: CXX_FEATURE:1cxx_unrestricted_unions
    Feature record: CXX_FEATURE:1cxx_user_literals
    Feature record: CXX_FEATURE:1cxx_variable_templates
    Feature record: CXX_FEATURE:1cxx_variadic_macros
    Feature record: CXX_FEATURE:1cxx_variadic_templates


Detecting CXX [-std=c++14] compiler features compiled with the following output:
Change Dir: /home/frederic/dev/trading/siis-rev/strategies/build/release/CMakeFiles/CMakeTmp

Run Build Command:"/usr/bin/make" "cmTC_dffbb/fast"
/usr/bin/make -f CMakeFiles/cmTC_dffbb.dir/build.make CMakeFiles/cmTC_dffbb.dir/build
make[1] : on entre dans le répertoire « /home/frederic/dev/trading/siis-rev/strategies/build/release/CMakeFiles/CMakeTmp »
Building CXX object CMakeFiles/cmTC_dffbb.dir/feature_tests.cxx.o
/usr/bin/clang++-7    -std=c++14 -o CMakeFiles/cmTC_dffbb.dir/feature_tests.cxx.o -c /home/frederic/dev/trading/siis-rev/strategies/build/release/CMakeFiles/feature_tests.cxx
Linking CXX executable cmTC_dffbb
/usr/bin/cmake -E cmake_link_script CMakeFiles/cmTC_dffbb.dir/link.txt --verbose=1
/usr/bin/clang++-7     -L/home/frederic/dev/amd64/lib -L/home/frederic/dev/amd64/lib  -rdynamic CMakeFiles/cmTC_dffbb.dir/feature_tests.cxx.o  -o cmTC_dffbb 
make[1] : on quitte le répertoire « /home/frederic/dev/trading/siis-rev/strategies/build/release/CMakeFiles/CMakeTmp »


    Feature record: CXX_FEATURE:1cxx_aggregate_default_initializers
    Feature record: CXX_FEATURE:1cxx_alias_templates
    Feature record: CXX_FEATURE:1cxx_alignas
    Feature record: CXX_FEATURE:1cxx_alignof
    Feature record: CXX_FEATURE:1cxx_attributes
    Feature record: CXX_FEATURE:1cxx_attribute_deprecated
    Feature record: CXX_FEATURE:1cxx_auto_type
    Feature record: CXX_FEATURE:1cxx_binary_literals
    Feature record: CXX_FEATURE:1cxx_constexpr
    Feature record: CXX_FEATURE:1cxx_contextual_conversions
    Feature record: CXX_FEATURE:1cxx_decltype
    Feature record: CXX_FEATURE:1cxx_decltype_auto
    Feature record: CXX_FEATURE:1cxx_decltype_incomplete_return_types
    Feature record: CXX_FEATURE:1cxx_default_function_template_args
    Feature record: CXX_FEATURE:1cxx_defaulted_functions
    Feature record: CXX_FEATURE:1cxx_defaulted_move_initializers
    Feature record: CXX_FEATURE:1cxx_delegating_constructors
    Feature record: CXX_FEATURE:1cxx_deleted_functions
    Feature record: CXX_FEATURE:1cxx_digit_separators
    Feature record: CXX_FEATURE:1cxx_enum_forward_declarations
    Feature record: CXX_FEATURE:1cxx_explicit_conversions
    Feature record: CXX_FEATURE:1cxx_extended_friend_declarations
    Feature record: CXX_FEATURE:1cxx_extern_templates
    Feature record: CXX_FEATURE:1cxx_final
    Feature record: CXX_FEATURE:1cxx_func_identifier
    Feature record: CXX_FEATURE:1cxx_generalized_initializers
    Feature record: CXX_FEATURE:1cxx_generic_lambdas
    Feature record: CXX_FEATURE:1cxx_inheriting_constructors
    Feature record: CXX_FEATURE:1cxx_inline_namespaces
    Feature record: CXX_FEATURE:1cxx_lambdas
    Feature record: CXX_FEATURE:1cxx_lambda_init_captures
    Feature record: CXX_FEATURE:1cxx_local_type_template_args
    Feature record: CXX_FEATURE:1cxx_long_long_type
    Feature record: CXX_FEATURE:1cxx_noexcept
    Feature record: CXX_FEATURE:1cxx_nonstatic_member_init
    Feature record: CXX_FEATURE:1cxx_nullptr
    Feature record: CXX_FEATURE:1cxx_override
    Feature record: CXX_FEATURE:1cxx_range_for
    Feature record: CXX_FEATURE:1cxx_raw_string_literals
    Feature record: CXX_FEATURE:1cxx_reference_qualified_functions
    Feature record: CXX_FEATURE:1cxx_relaxed_constexpr
    Feature record: CXX_FEATURE:1cxx_return_type_deduction
    Feature record: CXX_FEATURE:1cxx_right_angle_brackets
    Feature record: CXX_FEATURE:1cxx_rvalue_references
    Feature record: CXX_FEATURE:1cxx_sizeof_member
    Feature record: CXX_FEATURE:1cxx_static_assert
    Feature record: CXX_FEATURE:1cxx_strong_enums
    Feature record: CXX_FEATURE:1cxx_template_template_parameters
    Feature record: CXX_FEATURE:1cxx_thread_local
    Feature record: CXX_FEATURE:1cxx_trailing_return_types
    Feature record: CXX_FEATURE:1cxx_unicode_literals
    Feature record: CXX_FEATURE:1cxx_uniform_initialization
    Feature record: CXX_FEATURE:1cxx_unrestricted_unions
    Feature record: CXX_FEATURE:1cxx_user_literals
    Feature record: CXX_FEATURE:1cxx_variable_templates
    Feature record: CXX_FEATURE:1cxx_variadic_macros
    Feature record: CXX_FEATURE:1cxx_variadic_templates


Detecting CXX [-std=c++11] compiler features compiled with the following output:
Change Dir: /home/frederic/dev/trading/siis-rev/strategies/build/release/CMakeFiles/CMakeTmp

Run Build Command:"/usr/bin/make" "cmTC_73540/fast"
/usr/bin/make -f CMakeFiles/cmTC_73540.dir/build.make CMakeFiles/cmTC_73540.dir/build
make[1] : on entre dans le répertoire « /home/frederic/dev/trading/siis-rev/strategies/build/release/CMakeFiles/CMakeTmp »
Building CXX object CMakeFiles/cmTC_73540.dir/feature_tests.cxx.o
/usr/bin/clang++-7    -std=c++11 -o CMakeFiles/cmTC_73540.dir/feature_tests.cxx.o -c /home/frederic/dev/trading/siis-rev/strategies/build/release/CMakeFiles/feature_tests.cxx
Linking CXX executable cmTC_73540
/usr/bin/cmake -E cmake_link_script CMakeFiles/cmTC_73540.dir/link.txt --verbose=1
/usr/bin/clang++-7     -L/home/frederic/dev/amd64/lib -L/home/frederic/dev/amd64/lib  -rdynamic CMakeFiles/cmTC_73540.dir/feature_tests.cxx.o  -o cmTC_73540 
make[1] : on quitte le répertoire « /home/frederic/dev/trading/siis-rev/strategies/build/release/CMakeFiles/CMakeTmp »


    Feature record: CXX_FEATURE:0cxx_aggregate_default_initializers
    Feature record: CXX_FEATURE:1cxx_alias_templates
    Feature record: CXX_FEATURE:1cxx_alignas
    Feature record: CXX_FEATURE:1cxx_alignof
    Feature record: CXX_FEATURE:1cxx_attributes
    Feature record: CXX_FEATURE:0cxx_attribute_deprecated
    Feature record: CXX_FEATURE:1cxx_auto_type
    Feature record: CXX_FEATURE:0cxx_binary_literals
    Feature record: CXX_FEATURE:1cxx_constexpr
    Feature record: CXX_FEATURE:0cxx_contextual_conversions
    Feature record: CXX_FEATURE:1cxx_decltype
    Feature record: CXX_FEATURE:0cxx_decltype_auto
    Feature record: CXX_FEATURE:1cxx_decltype_incomplete_return_types
    Feature record: CXX_FEATURE:1cxx_default_function_template_args
    Feature record: CXX_FEATURE:1cxx_defaulted_functions
    Feature record: CXX_FEATURE:1cxx_defaulted_move_initializers
    Feature record: CXX_FEATURE:1cxx_delegating_constructors
    Feature record: CXX_FEATURE:1cxx_deleted_functions
    Feature record: CXX_FEATURE:0cxx_digit_separators
    Feature record: CXX_FEATURE:1cxx_enum_forward_declarations
    Feature record: CXX_FEATURE:1cxx_explicit_conversions
    Feature record: CXX_FEATURE:1cxx_extended_friend_declarations
    Feature record: CXX_FEATURE:1cxx_extern_templates
    Feature record: CXX_FEATURE:1cxx_final
    Feature record: CXX_FEATURE:1cxx_func_identifier
    Feature record: CXX_FEATURE:1cxx_generalized_initializers
    Feature record: CXX_FEATURE:0cxx_generic_lambdas
    Feature record: CXX_FEATURE:1cxx_inheriting_constructors
    Feature record: CXX_FEATURE:1cxx_inline_namespaces
    Feature record: CXX_FEATURE:1cxx_lambdas
    Feature record: CXX_FEATURE:0cxx_lambda_init_captures
    Feature record: CXX_FEATURE:1cxx_local_type_template_args
    Feature record: CXX_FEATURE:1cxx_long_long_type
    Feature record: CXX_FEATURE:1cxx_noexcept
    Feature record: CXX_FEATURE:1cxx_nonstatic_member_init
    Feature record: CXX_FEATURE:1cxx_nullptr
    Feature record: CXX_FEATURE:1cxx_override
    Feature record: CXX_FEATURE:1cxx_range_for
    Feature record: CXX_FEATURE:1cxx_raw_string_literals
    Feature record: CXX_FEATURE:1cxx_reference_qualified_functions
    Feature record: CXX_FEATURE:0cxx_relaxed_constexpr
    Feature record: CXX_FEATURE:0cxx_return_type_deduction
    Feature record: CXX_FEATURE:1cxx_right_angle_brackets
    Feature record: CXX_FEATURE:1cxx_rvalue_references
    Feature record: CXX_FEATURE:1cxx_sizeof_member
    Feature record: CXX_FEATURE:1cxx_static_assert
    Feature record: CXX_FEATURE:1cxx_strong_enums
    Feature record: CXX_FEATURE:1cxx_template_template_parameters
    Feature record: CXX_FEATURE:1cxx_thread_local
    Feature record: CXX_FEATURE:1cxx_trailing_return_types
    Feature record: CXX_FEATURE:1cxx_unicode_literals
    Feature record: CXX_FEATURE:1cxx_uniform_initialization
    Feature record: CXX_FEATURE:1cxx_unrestricted_unions
    Feature record: CXX_FEATURE:1cxx_user_literals
    Feature record: CXX_FEATURE:0cxx_variable_templates
    Feature record: CXX_FEATURE:1cxx_variadic_macros
    Feature record: CXX_FEATURE:1cxx_variadic_templates


Detecting CXX [-std=c++98] compiler features compiled with the following output:
Change Dir: /home/frederic/dev/trading/siis-rev/strategies/build/release/CMakeFiles/CMakeTmp

Run Build Command:"/usr/bin/make" "cmTC_faa3b/fast"
/usr/bin/make -f CMakeFiles/cmTC_faa3b.dir/build.make CMakeFiles/cmTC_faa3b.dir/build
make[1] : on entre dans le répertoire « /home/frederic/dev/trading/siis-rev/strategies/build/release/CMakeFiles/CMakeTmp »
Building CXX object CMakeFiles/cmTC_faa3b.dir/feature_tests.cxx.o
/usr/bin/clang++-7    -std=c++98 -o CMakeFiles/cmTC_faa3b.dir/feature_tests.cxx.o -c /home/frederic/dev/trading/siis-rev/strategies/build/release/CMakeFiles/feature_tests.cxx
Linking CXX executable cmTC_faa3b
/usr/bin/cmake -E cmake_link_script CMakeFiles/cmTC_faa3b.dir/link.txt --verbose=1
/usr/bin/clang++-7     -L/home/frederic/dev/amd64/lib -L/home/frederic/dev/amd64/lib  -rdynamic CMakeFiles/cmTC_faa3b.dir/feature_tests.cxx.o  -o cmTC_faa3b 
make[1] : on quitte le répertoire « /home/frederic/dev/trading/siis-rev/strategies/build/release/CMakeFiles/CMakeTmp »


    Feature record: CXX_FEATURE:0cxx_aggregate_default_initializers
    Feature record: CXX_FEATURE:0cxx_alias_templates
    Feature record: CXX_FEATURE:0cxx_alignas
    Feature record: CXX_FEATURE:0cxx_alignof
    Feature record: CXX_FEATURE:0cxx_attributes
    Feature record: CXX_FEATURE:0cxx_attribute_deprecated
    Feature record: CXX_FEATURE:0cxx_auto_type
    Feature record: CXX_FEATURE:0cxx_binary_literals
    Feature record: CXX_FEATURE:0cxx_constexpr
    Feature record: CXX_FEATURE:0cxx_contextual_conversions
    Feature record: CXX_FEATURE:0cxx_decltype
    Feature record: CXX_FEATURE:0cxx_decltype_auto
    Feature record: CXX_FEATURE:0cxx_decltype_incomplete_return_types
    Feature record: CXX_FEATURE:0cxx_default_function_template_args
    Feature record: CXX_FEATURE:0cxx_defaulted_functions
    Feature record: CXX_FEATURE:0cxx_defaulted_move_initializers
    Feature record: CXX_FEATURE:0cxx_delegating_constructors
    Feature record: CXX_FEATURE:0cxx_deleted_functions
    Feature record: CXX_FEATURE:0cxx_digit_separators
    Feature record: CXX_FEATURE:0cxx_enum_forward_declarations
    Feature record: CXX_FEATURE:0cxx_explicit_conversions
    Feature record: CXX_FEATURE:0cxx_extended_friend_declarations
    Feature record: CXX_FEATURE:0cxx_extern_templates
    Feature record: CXX_FEATURE:0cxx_final
    Feature record: CXX_FEATURE:0cxx_func_identifier
    Feature record: CXX_FEATURE:0cxx_generalized_initializers
    Feature record: CXX_FEATURE:0cxx_generic_lambdas
    Feature record: CXX_FEATURE:0cxx_inheriting_constructors
    Feature record: CXX_FEATURE:0cxx_inline_namespaces
    Feature record: CXX_FEATURE:0cxx_lambdas
    Feature record: CXX_FEATURE:0cxx_lambda_init_captures
    Feature record: CXX_FEATURE:0cxx_local_type_template_args
    Feature record: CXX_FEATURE:0cxx_long_long_type
    Feature record: CXX_FEATURE:0cxx_noexcept
    Feature record: CXX_FEATURE:0cxx_nonstatic_member_init
    Feature record: CXX_FEATURE:0cxx_nullptr
    Feature record: CXX_FEATURE:0cxx_override
    Feature record: CXX_FEATURE:0cxx_range_for
    Feature record: CXX_FEATURE:0cxx_raw_string_literals
    Feature record: CXX_FEATURE:0cxx_reference_qualified_functions
    Feature record: CXX_FEATURE:0cxx_relaxed_constexpr
    Feature record: CXX_FEATURE:0cxx_return_type_deduction
    Feature record: CXX_FEATURE:0cxx_right_angle_brackets
    Feature record: CXX_FEATURE:0cxx_rvalue_references
    Feature record: CXX_FEATURE:0cxx_sizeof_member
    Feature record: CXX_FEATURE:0cxx_static_assert
    Feature record: CXX_FEATURE:0cxx_strong_enums
    Feature record: CXX_FEATURE:1cxx_template_template_parameters
    Feature record: CXX_FEATURE:0cxx_thread_local
    Feature record: CXX_FEATURE:0cxx_trailing_return_types
    Feature record: CXX_FEATURE:0cxx_unicode_literals
    Feature record: CXX_FEATURE:0cxx_uniform_initialization
    Feature record: CXX_FEATURE:0cxx_unrestricted_unions
    Feature record: CXX_FEATURE:0cxx_user_literals
    Feature record: CXX_FEATURE:0cxx_variable_templates
    Feature record: CXX_FEATURE:0cxx_variadic_macros
    Feature record: CXX_FEATURE:0cxx_variadic_templates
